<?xml version="1.0" encoding="UTF-8"?>
<!-- Generated by org.testng.reporters.JUnitXMLReporter -->
<testsuite ignored="0" hostname="KI54" failures="0" tests="2" name="Default test" time="568.448" errors="0" timestamp="2022-09-15T15:24:07 IST">
  <testcase classname="pagesTestCasesYasasiiWeb.SP5_InventoryTestCase" name="inventoryFlow" time="494.423"/>
  <testcase classname="pagesTestCasesYasasiiWeb.SP5_InventoryTestCase" name="inventoryFlow1" time="58.022"/>
</testsuite> <!-- Default test -->
