<?xml version="1.0" encoding="UTF-8"?>
<!-- Generated by org.testng.reporters.JUnitXMLReporter -->
<testsuite ignored="0" hostname="KI54" failures="1" tests="1" name="Default test" time="567.798" errors="0" timestamp="2022-08-30T09:36:44 IST">
  <testcase classname="pagesTestCasesYasasiiWeb.SP5_InventoryTestCase" name="inventoryFlow" time="551.123">
    <failure type="org.openqa.selenium.ElementClickInterceptedException" message="element click intercepted: Element &amp;lt;i _ngcontent-okl-c40=&amp;quot;&amp;quot; class=&amp;quot;ki ki-search&amp;quot;&amp;gt;&amp;lt;/i&amp;gt; is not clickable at point (357, 51). Other element would receive the click: &amp;lt;div _ngcontent-okl-c2=&amp;quot;&amp;quot; aria-hidden=&amp;quot;false&amp;quot; aria-labelledby=&amp;quot;myLargeModalLabel&amp;quot; class=&amp;quot;modal ki-dialog fade blockoutside in show&amp;quot; kidialog=&amp;quot;&amp;quot; role=&amp;quot;dialog&amp;quot; tabindex=&amp;quot;-1&amp;quot; aria-modal=&amp;quot;true&amp;quot; style=&amp;quot;display: block;&amp;quot;&amp;gt;...&amp;lt;/div&amp;gt;
  (Session info: chrome=104.0.5112.102)
Build info: version: &amp;apos;4.0.0-alpha-3&amp;apos;, revision: &amp;apos;8c567de6dc&amp;apos;
System info: host: &amp;apos;KI54&amp;apos;, ip: &amp;apos;192.168.0.54&amp;apos;, os.name: &amp;apos;Windows 10&amp;apos;, os.arch: &amp;apos;amd64&amp;apos;, os.version: &amp;apos;10.0&amp;apos;, java.version: &amp;apos;18.0.1&amp;apos;
Driver info: org.openqa.selenium.chrome.ChromeDriver
Capabilities {acceptInsecureCerts: false, browserName: chrome, browserVersion: 104.0.5112.102, chrome: {chromedriverVersion: 104.0.5112.79 (3cf3e8c8a07d..., userDataDir: C:\Users\sriram\AppData\Loc...}, goog:chromeOptions: {debuggerAddress: localhost:59405}, javascriptEnabled: true, networkConnectionEnabled: false, pageLoadStrategy: normal, platform: WINDOWS, platformName: WINDOWS, proxy: Proxy(), setWindowRect: true, strictFileInteractability: false, timeouts: {implicit: 0, pageLoad: 300000, script: 30000}, unhandledPromptBehavior: dismiss and notify, webauthn:extension:credBlob: true, webauthn:extension:largeBlob: true, webauthn:virtualAuthenticators: true}
Session ID: 37d127298bf2bf5fce0a30644eb60435">
      <![CDATA[org.openqa.selenium.ElementClickInterceptedException: element click intercepted: Element <i _ngcontent-okl-c40="" class="ki ki-search"></i> is not clickable at point (357, 51). Other element would receive the click: <div _ngcontent-okl-c2="" aria-hidden="false" aria-labelledby="myLargeModalLabel" class="modal ki-dialog fade blockoutside in show" kidialog="" role="dialog" tabindex="-1" aria-modal="true" style="display: block;">...</div>
  (Session info: chrome=104.0.5112.102)
Build info: version: '4.0.0-alpha-3', revision: '8c567de6dc'
System info: host: 'KI54', ip: '192.168.0.54', os.name: 'Windows 10', os.arch: 'amd64', os.version: '10.0', java.version: '18.0.1'
Driver info: org.openqa.selenium.chrome.ChromeDriver
Capabilities {acceptInsecureCerts: false, browserName: chrome, browserVersion: 104.0.5112.102, chrome: {chromedriverVersion: 104.0.5112.79 (3cf3e8c8a07d..., userDataDir: C:\Users\sriram\AppData\Loc...}, goog:chromeOptions: {debuggerAddress: localhost:59405}, javascriptEnabled: true, networkConnectionEnabled: false, pageLoadStrategy: normal, platform: WINDOWS, platformName: WINDOWS, proxy: Proxy(), setWindowRect: true, strictFileInteractability: false, timeouts: {implicit: 0, pageLoad: 300000, script: 30000}, unhandledPromptBehavior: dismiss and notify, webauthn:extension:credBlob: true, webauthn:extension:largeBlob: true, webauthn:virtualAuthenticators: true}
Session ID: 37d127298bf2bf5fce0a30644eb60435
at java.base/jdk.internal.reflect.DirectConstructorHandleAccessor.newInstance(DirectConstructorHandleAccessor.java:67)
at java.base/java.lang.reflect.Constructor.newInstanceWithCaller(Constructor.java:499)
at java.base/java.lang.reflect.Constructor.newInstance(Constructor.java:483)
at org.openqa.selenium.remote.codec.w3c.W3CHttpResponseCodec.createException(W3CHttpResponseCodec.java:191)
at org.openqa.selenium.remote.codec.w3c.W3CHttpResponseCodec.decode(W3CHttpResponseCodec.java:125)
at org.openqa.selenium.remote.codec.w3c.W3CHttpResponseCodec.decode(W3CHttpResponseCodec.java:52)
at org.openqa.selenium.remote.HttpCommandExecutor.execute(HttpCommandExecutor.java:161)
at org.openqa.selenium.remote.service.DriverCommandExecutor.execute(DriverCommandExecutor.java:83)
at org.openqa.selenium.remote.RemoteWebDriver.execute(RemoteWebDriver.java:576)
at org.openqa.selenium.remote.RemoteWebElement.execute(RemoteWebElement.java:308)
at org.openqa.selenium.remote.RemoteWebElement.click(RemoteWebElement.java:83)
at java.base/jdk.internal.reflect.DirectMethodHandleAccessor.invoke(DirectMethodHandleAccessor.java:104)
at java.base/java.lang.reflect.Method.invoke(Method.java:577)
at org.openqa.selenium.support.pagefactory.internal.LocatingElementHandler.invoke(LocatingElementHandler.java:52)
at jdk.proxy2/jdk.proxy2.$Proxy35.click(Unknown Source)
at pagesOfYasasiiWeb.SP5_InventoryYasasiiWeb.supplierCreation(SP5_InventoryYasasiiWeb.java:1352)
at pagesTestCasesYasasiiWeb.SP5_InventoryTestCase.inventoryFlow(SP5_InventoryTestCase.java:47)
at java.base/jdk.internal.reflect.DirectMethodHandleAccessor.invoke(DirectMethodHandleAccessor.java:104)
at java.base/java.lang.reflect.Method.invoke(Method.java:577)
at org.testng.internal.MethodInvocationHelper.invokeMethod(MethodInvocationHelper.java:132)
at org.testng.internal.TestInvoker.invokeMethod(TestInvoker.java:599)
at org.testng.internal.TestInvoker.invokeTestMethod(TestInvoker.java:174)
at org.testng.internal.MethodRunner.runInSequence(MethodRunner.java:46)
at org.testng.internal.TestInvoker$MethodInvocationAgent.invoke(TestInvoker.java:822)
at org.testng.internal.TestInvoker.invokeTestMethods(TestInvoker.java:147)
at org.testng.internal.TestMethodWorker.invokeTestMethods(TestMethodWorker.java:146)
at org.testng.internal.TestMethodWorker.run(TestMethodWorker.java:128)
at java.base/java.util.ArrayList.forEach(ArrayList.java:1511)
at org.testng.TestRunner.privateRun(TestRunner.java:764)
at org.testng.TestRunner.run(TestRunner.java:585)
at org.testng.SuiteRunner.runTest(SuiteRunner.java:384)
at org.testng.SuiteRunner.runSequentially(SuiteRunner.java:378)
at org.testng.SuiteRunner.privateRun(SuiteRunner.java:337)
at org.testng.SuiteRunner.run(SuiteRunner.java:286)
at org.testng.SuiteRunnerWorker.runSuite(SuiteRunnerWorker.java:53)
at org.testng.SuiteRunnerWorker.run(SuiteRunnerWorker.java:96)
at org.testng.TestNG.runSuitesSequentially(TestNG.java:1218)
at org.testng.TestNG.runSuitesLocally(TestNG.java:1140)
at org.testng.TestNG.runSuites(TestNG.java:1069)
at org.testng.TestNG.run(TestNG.java:1037)
at org.testng.remote.AbstractRemoteTestNG.run(AbstractRemoteTestNG.java:115)
at org.testng.remote.RemoteTestNG.initAndRun(RemoteTestNG.java:251)
at org.testng.remote.RemoteTestNG.main(RemoteTestNG.java:77)
]]>
    </failure>
  </testcase> <!-- inventoryFlow -->
</testsuite> <!-- Default test -->
