<?xml version="1.0" encoding="UTF-8"?>
<!-- Generated by org.testng.reporters.JUnitXMLReporter -->
<testsuite ignored="24" hostname="KI54" failures="0" tests="12" name="Test" time="45.533" errors="0" timestamp="2022-08-22T15:45:16 IST">
  <testcase classname="pagesTestCasesYasasiiWeb.FO_EcounterCreationTestCaseYW" name="@BeforeClass navigateemradt" time="17.087">
    <failure type="org.openqa.selenium.NoSuchElementException" message="no such element: Unable to locate element: {&amp;quot;method&amp;quot;:&amp;quot;xpath&amp;quot;,&amp;quot;selector&amp;quot;:&amp;quot;//app-list-item/li[contains(text(),&amp;quot;KIMSHEALTH TVM&amp;quot;)]&amp;quot;}
  (Session info: chrome=104.0.5112.82)
For documentation on this error, please visit: https://www.seleniumhq.org/exceptions/no_such_element.html
Build info: version: &amp;apos;4.0.0-alpha-3&amp;apos;, revision: &amp;apos;8c567de6dc&amp;apos;
System info: host: &amp;apos;KI54&amp;apos;, ip: &amp;apos;192.168.0.54&amp;apos;, os.name: &amp;apos;Windows 10&amp;apos;, os.arch: &amp;apos;amd64&amp;apos;, os.version: &amp;apos;10.0&amp;apos;, java.version: &amp;apos;18.0.1&amp;apos;
Driver info: org.openqa.selenium.chrome.ChromeDriver
Capabilities {acceptInsecureCerts: false, browserName: chrome, browserVersion: 104.0.5112.82, chrome: {chromedriverVersion: 104.0.5112.79 (3cf3e8c8a07d..., userDataDir: C:\Users\sriram\AppData\Loc...}, goog:chromeOptions: {debuggerAddress: localhost:51797}, javascriptEnabled: true, networkConnectionEnabled: false, pageLoadStrategy: normal, platform: WINDOWS, platformName: WINDOWS, proxy: Proxy(), setWindowRect: true, strictFileInteractability: false, timeouts: {implicit: 0, pageLoad: 300000, script: 30000}, unhandledPromptBehavior: dismiss and notify, webauthn:extension:credBlob: true, webauthn:extension:largeBlob: true, webauthn:virtualAuthenticators: true}
Session ID: 0df3befd406e29489fbce8b25193cbcb
*** Element info: {Using=xpath, value=//app-list-item/li[contains(text(),&amp;quot;KIMSHEALTH TVM&amp;quot;)]}">
      <![CDATA[org.openqa.selenium.NoSuchElementException: no such element: Unable to locate element: {"method":"xpath","selector":"//app-list-item/li[contains(text(),"KIMSHEALTH TVM")]"}
  (Session info: chrome=104.0.5112.82)
For documentation on this error, please visit: https://www.seleniumhq.org/exceptions/no_such_element.html
Build info: version: '4.0.0-alpha-3', revision: '8c567de6dc'
System info: host: 'KI54', ip: '192.168.0.54', os.name: 'Windows 10', os.arch: 'amd64', os.version: '10.0', java.version: '18.0.1'
Driver info: org.openqa.selenium.chrome.ChromeDriver
Capabilities {acceptInsecureCerts: false, browserName: chrome, browserVersion: 104.0.5112.82, chrome: {chromedriverVersion: 104.0.5112.79 (3cf3e8c8a07d..., userDataDir: C:\Users\sriram\AppData\Loc...}, goog:chromeOptions: {debuggerAddress: localhost:51797}, javascriptEnabled: true, networkConnectionEnabled: false, pageLoadStrategy: normal, platform: WINDOWS, platformName: WINDOWS, proxy: Proxy(), setWindowRect: true, strictFileInteractability: false, timeouts: {implicit: 0, pageLoad: 300000, script: 30000}, unhandledPromptBehavior: dismiss and notify, webauthn:extension:credBlob: true, webauthn:extension:largeBlob: true, webauthn:virtualAuthenticators: true}
Session ID: 0df3befd406e29489fbce8b25193cbcb
*** Element info: {Using=xpath, value=//app-list-item/li[contains(text(),"KIMSHEALTH TVM")]}
at org.openqa.selenium.remote.codec.w3c.W3CHttpResponseCodec.createException(W3CHttpResponseCodec.java:191)
at org.openqa.selenium.remote.codec.w3c.W3CHttpResponseCodec.decode(W3CHttpResponseCodec.java:125)
at org.openqa.selenium.remote.codec.w3c.W3CHttpResponseCodec.decode(W3CHttpResponseCodec.java:52)
at org.openqa.selenium.remote.HttpCommandExecutor.execute(HttpCommandExecutor.java:161)
at org.openqa.selenium.remote.service.DriverCommandExecutor.execute(DriverCommandExecutor.java:83)
at org.openqa.selenium.remote.RemoteWebDriver.execute(RemoteWebDriver.java:576)
at org.openqa.selenium.remote.RemoteWebDriver.findElement(RemoteWebDriver.java:327)
at org.openqa.selenium.remote.RemoteWebDriver.findElementByXPath(RemoteWebDriver.java:445)
at org.openqa.selenium.By$ByXPath.findElement(By.java:396)
at org.openqa.selenium.remote.RemoteWebDriver.findElement(RemoteWebDriver.java:319)
at pagesOfYasasiiWeb.LoginPageYasasiiWeb.enterloginDetails(LoginPageYasasiiWeb.java:59)
at pagesTestCasesYasasiiWeb.FO_EcounterCreationTestCaseYW.navigateemradt(FO_EcounterCreationTestCaseYW.java:25)
at java.base/java.util.concurrent.ThreadPoolExecutor.runWorker(ThreadPoolExecutor.java:1136)
at java.base/java.util.concurrent.ThreadPoolExecutor$Worker.run(ThreadPoolExecutor.java:635)
at java.base/java.lang.Thread.run(Thread.java:833)
... Removed 11 stack frames]]>
    </failure>
  </testcase> <!-- @BeforeClass navigateemradt -->
  <testcase classname="com.baseYasasiiWeb.TestBaseYasasiiWeb" name="@BeforeMethod getTestMethodProperties" time="-1.661163288529E9">
    <skipped/>
  </testcase> <!-- @BeforeMethod getTestMethodProperties -->
  <testcase classname="com.baseYasasiiWeb.TestBaseYasasiiWeb" name="@AfterMethod getResult" time="-1.661163288535E9">
    <skipped/>
  </testcase> <!-- @AfterMethod getResult -->
  <testcase classname="com.baseYasasiiWeb.TestBaseYasasiiWeb" name="@BeforeMethod getTestMethodProperties" time="-1.661163288536E9">
    <skipped/>
  </testcase> <!-- @BeforeMethod getTestMethodProperties -->
  <testcase classname="com.baseYasasiiWeb.TestBaseYasasiiWeb" name="@AfterMethod getResult" time="-1.661163288542E9">
    <skipped/>
  </testcase> <!-- @AfterMethod getResult -->
  <testcase classname="pagesTestCasesYasasiiWeb.FO_EcounterCreationTestCaseYW" name="@AfterClass logout" time="-1.661163288546E9">
    <skipped/>
  </testcase> <!-- @AfterClass logout -->
  <testcase classname="pagesTestCasesYasasiiWeb.FO_EncounterTypes_TestCases_YW" name="@BeforeClass navigateFOPage" time="27.145">
    <failure type="org.openqa.selenium.ElementNotInteractableException" message="element not interactable
  (Session info: chrome=104.0.5112.82)
Build info: version: &amp;apos;4.0.0-alpha-3&amp;apos;, revision: &amp;apos;8c567de6dc&amp;apos;
System info: host: &amp;apos;KI54&amp;apos;, ip: &amp;apos;192.168.0.54&amp;apos;, os.name: &amp;apos;Windows 10&amp;apos;, os.arch: &amp;apos;amd64&amp;apos;, os.version: &amp;apos;10.0&amp;apos;, java.version: &amp;apos;18.0.1&amp;apos;
Driver info: org.openqa.selenium.chrome.ChromeDriver
Capabilities {acceptInsecureCerts: false, browserName: chrome, browserVersion: 104.0.5112.82, chrome: {chromedriverVersion: 104.0.5112.79 (3cf3e8c8a07d..., userDataDir: C:\Users\sriram\AppData\Loc...}, goog:chromeOptions: {debuggerAddress: localhost:51797}, javascriptEnabled: true, networkConnectionEnabled: false, pageLoadStrategy: normal, platform: WINDOWS, platformName: WINDOWS, proxy: Proxy(), setWindowRect: true, strictFileInteractability: false, timeouts: {implicit: 0, pageLoad: 300000, script: 30000}, unhandledPromptBehavior: dismiss and notify, webauthn:extension:credBlob: true, webauthn:extension:largeBlob: true, webauthn:virtualAuthenticators: true}
Session ID: 0df3befd406e29489fbce8b25193cbcb">
      <![CDATA[org.openqa.selenium.ElementNotInteractableException: element not interactable
  (Session info: chrome=104.0.5112.82)
Build info: version: '4.0.0-alpha-3', revision: '8c567de6dc'
System info: host: 'KI54', ip: '192.168.0.54', os.name: 'Windows 10', os.arch: 'amd64', os.version: '10.0', java.version: '18.0.1'
Driver info: org.openqa.selenium.chrome.ChromeDriver
Capabilities {acceptInsecureCerts: false, browserName: chrome, browserVersion: 104.0.5112.82, chrome: {chromedriverVersion: 104.0.5112.79 (3cf3e8c8a07d..., userDataDir: C:\Users\sriram\AppData\Loc...}, goog:chromeOptions: {debuggerAddress: localhost:51797}, javascriptEnabled: true, networkConnectionEnabled: false, pageLoadStrategy: normal, platform: WINDOWS, platformName: WINDOWS, proxy: Proxy(), setWindowRect: true, strictFileInteractability: false, timeouts: {implicit: 0, pageLoad: 300000, script: 30000}, unhandledPromptBehavior: dismiss and notify, webauthn:extension:credBlob: true, webauthn:extension:largeBlob: true, webauthn:virtualAuthenticators: true}
Session ID: 0df3befd406e29489fbce8b25193cbcb
at org.openqa.selenium.remote.codec.w3c.W3CHttpResponseCodec.createException(W3CHttpResponseCodec.java:191)
at org.openqa.selenium.remote.codec.w3c.W3CHttpResponseCodec.decode(W3CHttpResponseCodec.java:125)
at org.openqa.selenium.remote.codec.w3c.W3CHttpResponseCodec.decode(W3CHttpResponseCodec.java:52)
at org.openqa.selenium.remote.HttpCommandExecutor.execute(HttpCommandExecutor.java:161)
at org.openqa.selenium.remote.service.DriverCommandExecutor.execute(DriverCommandExecutor.java:83)
at org.openqa.selenium.remote.RemoteWebDriver.execute(RemoteWebDriver.java:576)
at org.openqa.selenium.remote.RemoteWebElement.execute(RemoteWebElement.java:308)
at org.openqa.selenium.remote.RemoteWebElement.click(RemoteWebElement.java:83)
at pagesOfYasasiiWeb.LoginPageYasasiiWeb.enterloginDetails(LoginPageYasasiiWeb.java:59)
at pagesTestCasesYasasiiWeb.FO_EncounterTypes_TestCases_YW.navigateFOPage(FO_EncounterTypes_TestCases_YW.java:30)
at java.base/java.util.concurrent.ThreadPoolExecutor.runWorker(ThreadPoolExecutor.java:1136)
at java.base/java.util.concurrent.ThreadPoolExecutor$Worker.run(ThreadPoolExecutor.java:635)
at java.base/java.lang.Thread.run(Thread.java:833)
... Removed 11 stack frames]]>
    </failure>
  </testcase> <!-- @BeforeClass navigateFOPage -->
  <testcase classname="com.baseYasasiiWeb.TestBaseYasasiiWeb" name="@BeforeMethod getTestMethodProperties" time="-1.661163298513E9">
    <skipped/>
  </testcase> <!-- @BeforeMethod getTestMethodProperties -->
  <testcase classname="com.baseYasasiiWeb.TestBaseYasasiiWeb" name="@AfterMethod getResult" time="-1.661163298528E9">
    <skipped/>
  </testcase> <!-- @AfterMethod getResult -->
  <testcase classname="pagesTestCasesYasasiiWeb.FO_EncounterTypes_TestCases_YW" name="@AfterClass logout" time="-1.661163298529E9">
    <skipped/>
  </testcase> <!-- @AfterClass logout -->
  <testcase classname="pagesTestCasesYasasiiWeb.FO_ERPatient_AdmitAsIP_TestCases" name="@BeforeClass navigateFOPage" time="24.486">
    <failure type="org.openqa.selenium.NoSuchElementException" message="Cannot locate an element using xpath=//app-list-item/li[contains(text(),&amp;quot;KIMSHEALTH TVM&amp;quot;)]
For documentation on this error, please visit: https://www.seleniumhq.org/exceptions/no_such_element.html
Build info: version: &amp;apos;4.0.0-alpha-3&amp;apos;, revision: &amp;apos;8c567de6dc&amp;apos;
System info: host: &amp;apos;KI54&amp;apos;, ip: &amp;apos;192.168.0.54&amp;apos;, os.name: &amp;apos;Windows 10&amp;apos;, os.arch: &amp;apos;amd64&amp;apos;, os.version: &amp;apos;10.0&amp;apos;, java.version: &amp;apos;18.0.1&amp;apos;
Driver info: driver.version: RemoteWebDriver">
      <![CDATA[org.openqa.selenium.NoSuchElementException: Cannot locate an element using xpath=//app-list-item/li[contains(text(),"KIMSHEALTH TVM")]
For documentation on this error, please visit: https://www.seleniumhq.org/exceptions/no_such_element.html
Build info: version: '4.0.0-alpha-3', revision: '8c567de6dc'
System info: host: 'KI54', ip: '192.168.0.54', os.name: 'Windows 10', os.arch: 'amd64', os.version: '10.0', java.version: '18.0.1'
Driver info: driver.version: RemoteWebDriver
at org.openqa.selenium.remote.RemoteWebDriver.findElement(RemoteWebDriver.java:330)
at org.openqa.selenium.remote.RemoteWebDriver.findElementByXPath(RemoteWebDriver.java:445)
at org.openqa.selenium.By$ByXPath.findElement(By.java:396)
at org.openqa.selenium.remote.RemoteWebDriver.findElement(RemoteWebDriver.java:319)
at pagesOfYasasiiWeb.LoginPageYasasiiWeb.enterloginDetails(LoginPageYasasiiWeb.java:59)
at pagesTestCasesYasasiiWeb.FO_ERPatient_AdmitAsIP_TestCases.navigateFOPage(FO_ERPatient_AdmitAsIP_TestCases.java:28)
at java.base/java.util.concurrent.ThreadPoolExecutor.runWorker(ThreadPoolExecutor.java:1136)
at java.base/java.util.concurrent.ThreadPoolExecutor$Worker.run(ThreadPoolExecutor.java:635)
at java.base/java.lang.Thread.run(Thread.java:833)
... Removed 8 stack frames]]>
    </failure>
  </testcase> <!-- @BeforeClass navigateFOPage -->
  <testcase classname="pagesTestCasesYasasiiWeb.FO_combinationalPAY_Discprice_TestcaseYW" name="@BeforeClass navigateFOPage" time="14.504">
    <failure type="org.openqa.selenium.NoSuchWindowException" message="no such window: target window already closed
from unknown error: web view not found
  (Session info: chrome=104.0.5112.82)
Build info: version: &amp;apos;4.0.0-alpha-3&amp;apos;, revision: &amp;apos;8c567de6dc&amp;apos;
System info: host: &amp;apos;KI54&amp;apos;, ip: &amp;apos;192.168.0.54&amp;apos;, os.name: &amp;apos;Windows 10&amp;apos;, os.arch: &amp;apos;amd64&amp;apos;, os.version: &amp;apos;10.0&amp;apos;, java.version: &amp;apos;18.0.1&amp;apos;
Driver info: org.openqa.selenium.chrome.ChromeDriver
Capabilities {acceptInsecureCerts: false, browserName: chrome, browserVersion: 104.0.5112.82, chrome: {chromedriverVersion: 104.0.5112.79 (3cf3e8c8a07d..., userDataDir: C:\Users\sriram\AppData\Loc...}, goog:chromeOptions: {debuggerAddress: localhost:51797}, javascriptEnabled: true, networkConnectionEnabled: false, pageLoadStrategy: normal, platform: WINDOWS, platformName: WINDOWS, proxy: Proxy(), setWindowRect: true, strictFileInteractability: false, timeouts: {implicit: 0, pageLoad: 300000, script: 30000}, unhandledPromptBehavior: dismiss and notify, webauthn:extension:credBlob: true, webauthn:extension:largeBlob: true, webauthn:virtualAuthenticators: true}
Session ID: 0df3befd406e29489fbce8b25193cbcb
*** Element info: {Using=xpath, value=//input[@id=&amp;apos;loginsite&amp;apos;]}">
      <![CDATA[org.openqa.selenium.NoSuchWindowException: no such window: target window already closed
from unknown error: web view not found
  (Session info: chrome=104.0.5112.82)
Build info: version: '4.0.0-alpha-3', revision: '8c567de6dc'
System info: host: 'KI54', ip: '192.168.0.54', os.name: 'Windows 10', os.arch: 'amd64', os.version: '10.0', java.version: '18.0.1'
Driver info: org.openqa.selenium.chrome.ChromeDriver
Capabilities {acceptInsecureCerts: false, browserName: chrome, browserVersion: 104.0.5112.82, chrome: {chromedriverVersion: 104.0.5112.79 (3cf3e8c8a07d..., userDataDir: C:\Users\sriram\AppData\Loc...}, goog:chromeOptions: {debuggerAddress: localhost:51797}, javascriptEnabled: true, networkConnectionEnabled: false, pageLoadStrategy: normal, platform: WINDOWS, platformName: WINDOWS, proxy: Proxy(), setWindowRect: true, strictFileInteractability: false, timeouts: {implicit: 0, pageLoad: 300000, script: 30000}, unhandledPromptBehavior: dismiss and notify, webauthn:extension:credBlob: true, webauthn:extension:largeBlob: true, webauthn:virtualAuthenticators: true}
Session ID: 0df3befd406e29489fbce8b25193cbcb
*** Element info: {Using=xpath, value=//input[@id='loginsite']}
at org.openqa.selenium.remote.codec.w3c.W3CHttpResponseCodec.createException(W3CHttpResponseCodec.java:191)
at org.openqa.selenium.remote.codec.w3c.W3CHttpResponseCodec.decode(W3CHttpResponseCodec.java:125)
at org.openqa.selenium.remote.codec.w3c.W3CHttpResponseCodec.decode(W3CHttpResponseCodec.java:52)
at org.openqa.selenium.remote.HttpCommandExecutor.execute(HttpCommandExecutor.java:161)
at org.openqa.selenium.remote.service.DriverCommandExecutor.execute(DriverCommandExecutor.java:83)
at org.openqa.selenium.remote.RemoteWebDriver.execute(RemoteWebDriver.java:576)
at org.openqa.selenium.remote.RemoteWebDriver.findElement(RemoteWebDriver.java:327)
at org.openqa.selenium.remote.RemoteWebDriver.findElementByXPath(RemoteWebDriver.java:445)
at org.openqa.selenium.By$ByXPath.findElement(By.java:396)
at org.openqa.selenium.remote.RemoteWebDriver.findElement(RemoteWebDriver.java:319)
at org.openqa.selenium.support.pagefactory.DefaultElementLocator.findElement(DefaultElementLocator.java:70)
at org.openqa.selenium.support.pagefactory.internal.LocatingElementHandler.invoke(LocatingElementHandler.java:39)
at jdk.proxy2/jdk.proxy2.$Proxy35.click(Unknown Source)
at pagesOfYasasiiWeb.LoginPageYasasiiWeb.enterloginDetails(LoginPageYasasiiWeb.java:57)
at pagesTestCasesYasasiiWeb.FO_combinationalPAY_Discprice_TestcaseYW.navigateFOPage(FO_combinationalPAY_Discprice_TestcaseYW.java:26)
at java.base/java.util.concurrent.ThreadPoolExecutor.runWorker(ThreadPoolExecutor.java:1136)
at java.base/java.util.concurrent.ThreadPoolExecutor$Worker.run(ThreadPoolExecutor.java:635)
at java.base/java.lang.Thread.run(Thread.java:833)
... Removed 11 stack frames]]>
    </failure>
  </testcase> <!-- @BeforeClass navigateFOPage -->
  <testcase classname="com.baseYasasiiWeb.TestBaseYasasiiWeb" name="@BeforeMethod getTestMethodProperties" time="-1.661163313169E9">
    <skipped/>
  </testcase> <!-- @BeforeMethod getTestMethodProperties -->
  <testcase classname="com.baseYasasiiWeb.TestBaseYasasiiWeb" name="@BeforeMethod getTestMethodProperties" time="-1.661163313231E9">
    <skipped/>
  </testcase> <!-- @BeforeMethod getTestMethodProperties -->
  <testcase classname="com.baseYasasiiWeb.TestBaseYasasiiWeb" name="@AfterMethod getResult" time="-1.661163313249E9">
    <skipped/>
  </testcase> <!-- @AfterMethod getResult -->
  <testcase classname="com.baseYasasiiWeb.TestBaseYasasiiWeb" name="@AfterMethod getResult" time="-1.661163313239E9">
    <skipped/>
  </testcase> <!-- @AfterMethod getResult -->
  <testcase classname="pagesTestCasesYasasiiWeb.FO_combinationalPAY_Discprice_TestcaseYW" name="@AfterClass logout" time="-1.661163313262E9">
    <skipped/>
  </testcase> <!-- @AfterClass logout -->
  <testcase classname="com.baseYasasiiWeb.TestBaseYasasiiWeb" name="@BeforeMethod getTestMethodProperties" time="-1.661163313322E9">
    <skipped/>
  </testcase> <!-- @BeforeMethod getTestMethodProperties -->
  <testcase classname="com.baseYasasiiWeb.TestBaseYasasiiWeb" name="@AfterMethod getResult" time="-1.661163313326E9">
    <skipped/>
  </testcase> <!-- @AfterMethod getResult -->
  <testcase classname="pagesTestCasesYasasiiWeb.FO_ERPatient_AdmitAsIP_TestCases" name="@AfterClass logout" time="-1.661163313329E9">
    <skipped/>
  </testcase> <!-- @AfterClass logout -->
  <testcase classname="pagesTestCasesYasasiiWeb.FO_Copay_TestCaseYW" name="@BeforeClass navigateemradt" time="1.509">
    <failure type="org.openqa.selenium.NoSuchWindowException" message="no such window: target window already closed
from unknown error: web view not found
  (Session info: chrome=104.0.5112.82)
Build info: version: &amp;apos;4.0.0-alpha-3&amp;apos;, revision: &amp;apos;8c567de6dc&amp;apos;
System info: host: &amp;apos;KI54&amp;apos;, ip: &amp;apos;192.168.0.54&amp;apos;, os.name: &amp;apos;Windows 10&amp;apos;, os.arch: &amp;apos;amd64&amp;apos;, os.version: &amp;apos;10.0&amp;apos;, java.version: &amp;apos;18.0.1&amp;apos;
Driver info: org.openqa.selenium.chrome.ChromeDriver
Capabilities {acceptInsecureCerts: false, browserName: chrome, browserVersion: 104.0.5112.82, chrome: {chromedriverVersion: 104.0.5112.79 (3cf3e8c8a07d..., userDataDir: C:\Users\sriram\AppData\Loc...}, goog:chromeOptions: {debuggerAddress: localhost:51797}, javascriptEnabled: true, networkConnectionEnabled: false, pageLoadStrategy: normal, platform: WINDOWS, platformName: WINDOWS, proxy: Proxy(), setWindowRect: true, strictFileInteractability: false, timeouts: {implicit: 0, pageLoad: 300000, script: 30000}, unhandledPromptBehavior: dismiss and notify, webauthn:extension:credBlob: true, webauthn:extension:largeBlob: true, webauthn:virtualAuthenticators: true}
Session ID: 0df3befd406e29489fbce8b25193cbcb
*** Element info: {Using=xpath, value=//input[@id=&amp;apos;loginemail&amp;apos;]}">
      <![CDATA[org.openqa.selenium.NoSuchWindowException: no such window: target window already closed
from unknown error: web view not found
  (Session info: chrome=104.0.5112.82)
Build info: version: '4.0.0-alpha-3', revision: '8c567de6dc'
System info: host: 'KI54', ip: '192.168.0.54', os.name: 'Windows 10', os.arch: 'amd64', os.version: '10.0', java.version: '18.0.1'
Driver info: org.openqa.selenium.chrome.ChromeDriver
Capabilities {acceptInsecureCerts: false, browserName: chrome, browserVersion: 104.0.5112.82, chrome: {chromedriverVersion: 104.0.5112.79 (3cf3e8c8a07d..., userDataDir: C:\Users\sriram\AppData\Loc...}, goog:chromeOptions: {debuggerAddress: localhost:51797}, javascriptEnabled: true, networkConnectionEnabled: false, pageLoadStrategy: normal, platform: WINDOWS, platformName: WINDOWS, proxy: Proxy(), setWindowRect: true, strictFileInteractability: false, timeouts: {implicit: 0, pageLoad: 300000, script: 30000}, unhandledPromptBehavior: dismiss and notify, webauthn:extension:credBlob: true, webauthn:extension:largeBlob: true, webauthn:virtualAuthenticators: true}
Session ID: 0df3befd406e29489fbce8b25193cbcb
*** Element info: {Using=xpath, value=//input[@id='loginemail']}
at org.openqa.selenium.remote.codec.w3c.W3CHttpResponseCodec.createException(W3CHttpResponseCodec.java:191)
at org.openqa.selenium.remote.codec.w3c.W3CHttpResponseCodec.decode(W3CHttpResponseCodec.java:125)
at org.openqa.selenium.remote.codec.w3c.W3CHttpResponseCodec.decode(W3CHttpResponseCodec.java:52)
at org.openqa.selenium.remote.HttpCommandExecutor.execute(HttpCommandExecutor.java:161)
at org.openqa.selenium.remote.service.DriverCommandExecutor.execute(DriverCommandExecutor.java:83)
at org.openqa.selenium.remote.RemoteWebDriver.execute(RemoteWebDriver.java:576)
at org.openqa.selenium.remote.RemoteWebDriver.findElement(RemoteWebDriver.java:327)
at org.openqa.selenium.remote.RemoteWebDriver.findElementByXPath(RemoteWebDriver.java:445)
at org.openqa.selenium.By$ByXPath.findElement(By.java:396)
at org.openqa.selenium.remote.RemoteWebDriver.findElement(RemoteWebDriver.java:319)
at org.openqa.selenium.support.pagefactory.DefaultElementLocator.findElement(DefaultElementLocator.java:70)
at org.openqa.selenium.support.pagefactory.internal.LocatingElementHandler.invoke(LocatingElementHandler.java:39)
at jdk.proxy2/jdk.proxy2.$Proxy35.clear(Unknown Source)
at pagesOfYasasiiWeb.LoginPageYasasiiWeb.enterloginDetails(LoginPageYasasiiWeb.java:49)
at pagesTestCasesYasasiiWeb.FO_Copay_TestCaseYW.navigateemradt(FO_Copay_TestCaseYW.java:25)
at java.base/java.util.concurrent.ThreadPoolExecutor.runWorker(ThreadPoolExecutor.java:1136)
at java.base/java.util.concurrent.ThreadPoolExecutor$Worker.run(ThreadPoolExecutor.java:635)
at java.base/java.lang.Thread.run(Thread.java:833)
... Removed 11 stack frames]]>
    </failure>
  </testcase> <!-- @BeforeClass navigateemradt -->
  <testcase classname="com.baseYasasiiWeb.TestBaseYasasiiWeb" name="@BeforeMethod getTestMethodProperties" time="-1.661163314878E9">
    <skipped/>
  </testcase> <!-- @BeforeMethod getTestMethodProperties -->
  <testcase classname="pagesTestCasesYasasiiWeb.FO_dietitian_appoinment_encounter_TestCaseYW" name="@BeforeClass navigateFOPage" time="1.549">
    <failure type="org.openqa.selenium.NoSuchWindowException" message="no such window: target window already closed
from unknown error: web view not found
  (Session info: chrome=104.0.5112.82)
Build info: version: &amp;apos;4.0.0-alpha-3&amp;apos;, revision: &amp;apos;8c567de6dc&amp;apos;
System info: host: &amp;apos;KI54&amp;apos;, ip: &amp;apos;192.168.0.54&amp;apos;, os.name: &amp;apos;Windows 10&amp;apos;, os.arch: &amp;apos;amd64&amp;apos;, os.version: &amp;apos;10.0&amp;apos;, java.version: &amp;apos;18.0.1&amp;apos;
Driver info: org.openqa.selenium.chrome.ChromeDriver
Capabilities {acceptInsecureCerts: false, browserName: chrome, browserVersion: 104.0.5112.82, chrome: {chromedriverVersion: 104.0.5112.79 (3cf3e8c8a07d..., userDataDir: C:\Users\sriram\AppData\Loc...}, goog:chromeOptions: {debuggerAddress: localhost:51797}, javascriptEnabled: true, networkConnectionEnabled: false, pageLoadStrategy: normal, platform: WINDOWS, platformName: WINDOWS, proxy: Proxy(), setWindowRect: true, strictFileInteractability: false, timeouts: {implicit: 0, pageLoad: 300000, script: 30000}, unhandledPromptBehavior: dismiss and notify, webauthn:extension:credBlob: true, webauthn:extension:largeBlob: true, webauthn:virtualAuthenticators: true}
Session ID: 0df3befd406e29489fbce8b25193cbcb
*** Element info: {Using=xpath, value=//input[@id=&amp;apos;loginemail&amp;apos;]}">
      <![CDATA[org.openqa.selenium.NoSuchWindowException: no such window: target window already closed
from unknown error: web view not found
  (Session info: chrome=104.0.5112.82)
Build info: version: '4.0.0-alpha-3', revision: '8c567de6dc'
System info: host: 'KI54', ip: '192.168.0.54', os.name: 'Windows 10', os.arch: 'amd64', os.version: '10.0', java.version: '18.0.1'
Driver info: org.openqa.selenium.chrome.ChromeDriver
Capabilities {acceptInsecureCerts: false, browserName: chrome, browserVersion: 104.0.5112.82, chrome: {chromedriverVersion: 104.0.5112.79 (3cf3e8c8a07d..., userDataDir: C:\Users\sriram\AppData\Loc...}, goog:chromeOptions: {debuggerAddress: localhost:51797}, javascriptEnabled: true, networkConnectionEnabled: false, pageLoadStrategy: normal, platform: WINDOWS, platformName: WINDOWS, proxy: Proxy(), setWindowRect: true, strictFileInteractability: false, timeouts: {implicit: 0, pageLoad: 300000, script: 30000}, unhandledPromptBehavior: dismiss and notify, webauthn:extension:credBlob: true, webauthn:extension:largeBlob: true, webauthn:virtualAuthenticators: true}
Session ID: 0df3befd406e29489fbce8b25193cbcb
*** Element info: {Using=xpath, value=//input[@id='loginemail']}
at org.openqa.selenium.remote.codec.w3c.W3CHttpResponseCodec.createException(W3CHttpResponseCodec.java:191)
at org.openqa.selenium.remote.codec.w3c.W3CHttpResponseCodec.decode(W3CHttpResponseCodec.java:125)
at org.openqa.selenium.remote.codec.w3c.W3CHttpResponseCodec.decode(W3CHttpResponseCodec.java:52)
at org.openqa.selenium.remote.HttpCommandExecutor.execute(HttpCommandExecutor.java:161)
at org.openqa.selenium.remote.service.DriverCommandExecutor.execute(DriverCommandExecutor.java:83)
at org.openqa.selenium.remote.RemoteWebDriver.execute(RemoteWebDriver.java:576)
at org.openqa.selenium.remote.RemoteWebDriver.findElement(RemoteWebDriver.java:327)
at org.openqa.selenium.remote.RemoteWebDriver.findElementByXPath(RemoteWebDriver.java:445)
at org.openqa.selenium.By$ByXPath.findElement(By.java:396)
at org.openqa.selenium.remote.RemoteWebDriver.findElement(RemoteWebDriver.java:319)
at org.openqa.selenium.support.pagefactory.DefaultElementLocator.findElement(DefaultElementLocator.java:70)
at org.openqa.selenium.support.pagefactory.internal.LocatingElementHandler.invoke(LocatingElementHandler.java:39)
at jdk.proxy2/jdk.proxy2.$Proxy35.clear(Unknown Source)
at pagesOfYasasiiWeb.LoginPageYasasiiWeb.enterloginDetails(LoginPageYasasiiWeb.java:49)
at pagesTestCasesYasasiiWeb.FO_dietitian_appoinment_encounter_TestCaseYW.navigateFOPage(FO_dietitian_appoinment_encounter_TestCaseYW.java:30)
at java.base/java.util.concurrent.ThreadPoolExecutor.runWorker(ThreadPoolExecutor.java:1136)
at java.base/java.util.concurrent.ThreadPoolExecutor$Worker.run(ThreadPoolExecutor.java:635)
at java.base/java.lang.Thread.run(Thread.java:833)
... Removed 11 stack frames]]>
    </failure>
  </testcase> <!-- @BeforeClass navigateFOPage -->
  <testcase classname="com.baseYasasiiWeb.TestBaseYasasiiWeb" name="@AfterMethod getResult" time="-1.661163314924E9">
    <skipped/>
  </testcase> <!-- @AfterMethod getResult -->
  <testcase classname="pagesTestCasesYasasiiWeb.FO_Copay_TestCaseYW" name="@AfterClass logout" time="-1.661163314925E9">
    <skipped/>
  </testcase> <!-- @AfterClass logout -->
  <testcase classname="com.baseYasasiiWeb.TestBaseYasasiiWeb" name="@BeforeMethod getTestMethodProperties" time="-1.661163314962E9">
    <skipped/>
  </testcase> <!-- @BeforeMethod getTestMethodProperties -->
  <testcase classname="com.baseYasasiiWeb.TestBaseYasasiiWeb" name="@AfterMethod getResult" time="-1.661163314967E9">
    <skipped/>
  </testcase> <!-- @AfterMethod getResult -->
  <testcase classname="com.baseYasasiiWeb.TestBaseYasasiiWeb" name="@BeforeMethod getTestMethodProperties" time="-1.661163315024E9">
    <skipped/>
  </testcase> <!-- @BeforeMethod getTestMethodProperties -->
  <testcase classname="com.baseYasasiiWeb.TestBaseYasasiiWeb" name="@AfterMethod getResult" time="-1.661163315028E9">
    <skipped/>
  </testcase> <!-- @AfterMethod getResult -->
  <testcase classname="pagesTestCasesYasasiiWeb.FO_dietitian_appoinment_encounter_TestCaseYW" name="@AfterClass logout" time="-1.661163315033E9">
    <skipped/>
  </testcase> <!-- @AfterClass logout -->
  <testcase classname="pagesTestCasesYasasiiWeb.FO_BirthRegTwoChildTestCaseYW" name="@BeforeClass foadt" time="1.51">
    <failure type="org.openqa.selenium.NoSuchWindowException" message="no such window: target window already closed
from unknown error: web view not found
  (Session info: chrome=104.0.5112.82)
Build info: version: &amp;apos;4.0.0-alpha-3&amp;apos;, revision: &amp;apos;8c567de6dc&amp;apos;
System info: host: &amp;apos;KI54&amp;apos;, ip: &amp;apos;192.168.0.54&amp;apos;, os.name: &amp;apos;Windows 10&amp;apos;, os.arch: &amp;apos;amd64&amp;apos;, os.version: &amp;apos;10.0&amp;apos;, java.version: &amp;apos;18.0.1&amp;apos;
Driver info: org.openqa.selenium.chrome.ChromeDriver
Capabilities {acceptInsecureCerts: false, browserName: chrome, browserVersion: 104.0.5112.82, chrome: {chromedriverVersion: 104.0.5112.79 (3cf3e8c8a07d..., userDataDir: C:\Users\sriram\AppData\Loc...}, goog:chromeOptions: {debuggerAddress: localhost:51797}, javascriptEnabled: true, networkConnectionEnabled: false, pageLoadStrategy: normal, platform: WINDOWS, platformName: WINDOWS, proxy: Proxy(), setWindowRect: true, strictFileInteractability: false, timeouts: {implicit: 0, pageLoad: 300000, script: 30000}, unhandledPromptBehavior: dismiss and notify, webauthn:extension:credBlob: true, webauthn:extension:largeBlob: true, webauthn:virtualAuthenticators: true}
Session ID: 0df3befd406e29489fbce8b25193cbcb
*** Element info: {Using=xpath, value=//input[@id=&amp;apos;loginemail&amp;apos;]}">
      <![CDATA[org.openqa.selenium.NoSuchWindowException: no such window: target window already closed
from unknown error: web view not found
  (Session info: chrome=104.0.5112.82)
Build info: version: '4.0.0-alpha-3', revision: '8c567de6dc'
System info: host: 'KI54', ip: '192.168.0.54', os.name: 'Windows 10', os.arch: 'amd64', os.version: '10.0', java.version: '18.0.1'
Driver info: org.openqa.selenium.chrome.ChromeDriver
Capabilities {acceptInsecureCerts: false, browserName: chrome, browserVersion: 104.0.5112.82, chrome: {chromedriverVersion: 104.0.5112.79 (3cf3e8c8a07d..., userDataDir: C:\Users\sriram\AppData\Loc...}, goog:chromeOptions: {debuggerAddress: localhost:51797}, javascriptEnabled: true, networkConnectionEnabled: false, pageLoadStrategy: normal, platform: WINDOWS, platformName: WINDOWS, proxy: Proxy(), setWindowRect: true, strictFileInteractability: false, timeouts: {implicit: 0, pageLoad: 300000, script: 30000}, unhandledPromptBehavior: dismiss and notify, webauthn:extension:credBlob: true, webauthn:extension:largeBlob: true, webauthn:virtualAuthenticators: true}
Session ID: 0df3befd406e29489fbce8b25193cbcb
*** Element info: {Using=xpath, value=//input[@id='loginemail']}
at org.openqa.selenium.remote.codec.w3c.W3CHttpResponseCodec.createException(W3CHttpResponseCodec.java:191)
at org.openqa.selenium.remote.codec.w3c.W3CHttpResponseCodec.decode(W3CHttpResponseCodec.java:125)
at org.openqa.selenium.remote.codec.w3c.W3CHttpResponseCodec.decode(W3CHttpResponseCodec.java:52)
at org.openqa.selenium.remote.HttpCommandExecutor.execute(HttpCommandExecutor.java:161)
at org.openqa.selenium.remote.service.DriverCommandExecutor.execute(DriverCommandExecutor.java:83)
at org.openqa.selenium.remote.RemoteWebDriver.execute(RemoteWebDriver.java:576)
at org.openqa.selenium.remote.RemoteWebDriver.findElement(RemoteWebDriver.java:327)
at org.openqa.selenium.remote.RemoteWebDriver.findElementByXPath(RemoteWebDriver.java:445)
at org.openqa.selenium.By$ByXPath.findElement(By.java:396)
at org.openqa.selenium.remote.RemoteWebDriver.findElement(RemoteWebDriver.java:319)
at org.openqa.selenium.support.pagefactory.DefaultElementLocator.findElement(DefaultElementLocator.java:70)
at org.openqa.selenium.support.pagefactory.internal.LocatingElementHandler.invoke(LocatingElementHandler.java:39)
at jdk.proxy2/jdk.proxy2.$Proxy35.clear(Unknown Source)
at pagesOfYasasiiWeb.LoginPageYasasiiWeb.enterloginDetails(LoginPageYasasiiWeb.java:49)
at pagesTestCasesYasasiiWeb.FO_BirthRegTwoChildTestCaseYW.foadt(FO_BirthRegTwoChildTestCaseYW.java:22)
at java.base/java.util.concurrent.ThreadPoolExecutor.runWorker(ThreadPoolExecutor.java:1136)
at java.base/java.util.concurrent.ThreadPoolExecutor$Worker.run(ThreadPoolExecutor.java:635)
at java.base/java.lang.Thread.run(Thread.java:833)
... Removed 11 stack frames]]>
    </failure>
  </testcase> <!-- @BeforeClass foadt -->
  <testcase classname="com.baseYasasiiWeb.TestBaseYasasiiWeb" name="@BeforeMethod getTestMethodProperties" time="-1.661163316503E9">
    <skipped/>
  </testcase> <!-- @BeforeMethod getTestMethodProperties -->
  <testcase classname="com.baseYasasiiWeb.TestBaseYasasiiWeb" name="@AfterMethod getResult" time="-1.661163316507E9">
    <skipped/>
  </testcase> <!-- @AfterMethod getResult -->
  <testcase classname="com.baseYasasiiWeb.TestBaseYasasiiWeb" name="@BeforeMethod getTestMethodProperties" time="-1.661163316566E9">
    <skipped/>
  </testcase> <!-- @BeforeMethod getTestMethodProperties -->
  <testcase classname="com.baseYasasiiWeb.TestBaseYasasiiWeb" name="@AfterMethod getResult" time="-1.661163316569E9">
    <skipped/>
  </testcase> <!-- @AfterMethod getResult -->
  <testcase classname="com.baseYasasiiWeb.TestBaseYasasiiWeb" name="@BeforeMethod getTestMethodProperties" time="-1.661163316634E9">
    <skipped/>
  </testcase> <!-- @BeforeMethod getTestMethodProperties -->
  <testcase classname="com.baseYasasiiWeb.TestBaseYasasiiWeb" name="@AfterMethod getResult" time="-1.661163316637E9">
    <skipped/>
  </testcase> <!-- @AfterMethod getResult -->
  <testcase classname="pagesTestCasesYasasiiWeb.FO_BirthRegTwoChildTestCaseYW" name="@AfterClass logout" time="-1.661163316638E9">
    <skipped/>
  </testcase> <!-- @AfterClass logout -->
  <testcase classname="pagesTestCasesYasasiiWeb.FO_EcounterCreationTestCaseYW" name="ERBirth" time="0.0">
    <skipped/>
  </testcase> <!-- ERBirth -->
  <testcase classname="pagesTestCasesYasasiiWeb.FO_EcounterCreationTestCaseYW" name="ERBirth" time="0.0">
    <skipped/>
  </testcase> <!-- ERBirth -->
  <testcase classname="pagesTestCasesYasasiiWeb.FO_EncounterTypes_TestCases_YW" name="EncType" time="0.0">
    <skipped/>
  </testcase> <!-- EncType -->
  <testcase classname="pagesTestCasesYasasiiWeb.FO_ERPatient_AdmitAsIP_TestCases" name="combinePay" time="0.0">
    <skipped/>
  </testcase> <!-- combinePay -->
  <testcase classname="pagesTestCasesYasasiiWeb.FO_combinationalPAY_Discprice_TestcaseYW" name="combinePay" time="0.0">
    <skipped/>
  </testcase> <!-- combinePay -->
  <testcase classname="pagesTestCasesYasasiiWeb.FO_ERPatient_AdmitAsIP_TestCases" name="combinePay1" time="0.0">
    <skipped/>
  </testcase> <!-- combinePay1 -->
  <testcase classname="pagesTestCasesYasasiiWeb.FO_Copay_TestCaseYW" name="copay" time="0.0">
    <skipped/>
  </testcase> <!-- copay -->
  <testcase classname="pagesTestCasesYasasiiWeb.FO_dietitian_appoinment_encounter_TestCaseYW" name="foREg" time="0.0">
    <skipped/>
  </testcase> <!-- foREg -->
  <testcase classname="pagesTestCasesYasasiiWeb.FO_dietitian_appoinment_encounter_TestCaseYW" name="foReg" time="0.0">
    <skipped/>
  </testcase> <!-- foReg -->
  <testcase classname="pagesTestCasesYasasiiWeb.FO_BirthRegTwoChildTestCaseYW" name="addFOPatReg" time="0.0">
    <skipped/>
  </testcase> <!-- addFOPatReg -->
  <testcase classname="pagesTestCasesYasasiiWeb.FO_BirthRegTwoChildTestCaseYW" name="Two" time="0.0">
    <skipped/>
  </testcase> <!-- Two -->
  <testcase classname="pagesTestCasesYasasiiWeb.FO_BirthRegTwoChildTestCaseYW" name="Three" time="0.0">
    <skipped/>
  </testcase> <!-- Three -->
  <testcase classname="com.baseYasasiiWeb.TestBaseYasasiiWeb" name="@BeforeSuite setup" time="0.0">
    <ignored/>
  </testcase> <!-- @BeforeSuite setup -->
  <testcase classname="com.baseYasasiiWeb.TestBaseYasasiiWeb" name="@BeforeSuite setup" time="0.0">
    <ignored/>
  </testcase> <!-- @BeforeSuite setup -->
  <testcase classname="com.baseYasasiiWeb.TestBaseYasasiiWeb" name="@BeforeSuite setup" time="0.0">
    <ignored/>
  </testcase> <!-- @BeforeSuite setup -->
  <testcase classname="com.baseYasasiiWeb.TestBaseYasasiiWeb" name="@BeforeSuite setup" time="0.0">
    <ignored/>
  </testcase> <!-- @BeforeSuite setup -->
  <testcase classname="com.baseYasasiiWeb.TestBaseYasasiiWeb" name="@BeforeSuite setup" time="0.0">
    <ignored/>
  </testcase> <!-- @BeforeSuite setup -->
  <testcase classname="com.baseYasasiiWeb.TestBaseYasasiiWeb" name="@BeforeSuite setup" time="0.0">
    <ignored/>
  </testcase> <!-- @BeforeSuite setup -->
  <testcase classname="com.baseYasasiiWeb.TestBaseYasasiiWeb" name="@AfterSuite teardown" time="0.0">
    <ignored/>
  </testcase> <!-- @AfterSuite teardown -->
  <testcase classname="com.baseYasasiiWeb.TestBaseYasasiiWeb" name="@AfterSuite teardown" time="0.0">
    <ignored/>
  </testcase> <!-- @AfterSuite teardown -->
  <testcase classname="com.baseYasasiiWeb.TestBaseYasasiiWeb" name="@AfterSuite teardown" time="0.0">
    <ignored/>
  </testcase> <!-- @AfterSuite teardown -->
  <testcase classname="com.baseYasasiiWeb.TestBaseYasasiiWeb" name="@AfterSuite teardown" time="0.0">
    <ignored/>
  </testcase> <!-- @AfterSuite teardown -->
  <testcase classname="com.baseYasasiiWeb.TestBaseYasasiiWeb" name="@AfterSuite teardown" time="0.0">
    <ignored/>
  </testcase> <!-- @AfterSuite teardown -->
  <testcase classname="com.baseYasasiiWeb.TestBaseYasasiiWeb" name="@AfterSuite teardown" time="0.0">
    <ignored/>
  </testcase> <!-- @AfterSuite teardown -->
  <testcase classname="com.baseYasasiiWeb.TestBaseYasasiiWeb" name="@AfterSuite extentReportEnd" time="0.0">
    <ignored/>
  </testcase> <!-- @AfterSuite extentReportEnd -->
  <testcase classname="com.baseYasasiiWeb.TestBaseYasasiiWeb" name="@AfterSuite extentReportEnd" time="0.0">
    <ignored/>
  </testcase> <!-- @AfterSuite extentReportEnd -->
  <testcase classname="com.baseYasasiiWeb.TestBaseYasasiiWeb" name="@AfterSuite extentReportEnd" time="0.0">
    <ignored/>
  </testcase> <!-- @AfterSuite extentReportEnd -->
  <testcase classname="com.baseYasasiiWeb.TestBaseYasasiiWeb" name="@AfterSuite extentReportEnd" time="0.0">
    <ignored/>
  </testcase> <!-- @AfterSuite extentReportEnd -->
  <testcase classname="com.baseYasasiiWeb.TestBaseYasasiiWeb" name="@AfterSuite extentReportEnd" time="0.0">
    <ignored/>
  </testcase> <!-- @AfterSuite extentReportEnd -->
  <testcase classname="com.baseYasasiiWeb.TestBaseYasasiiWeb" name="@AfterSuite extentReportEnd" time="0.0">
    <ignored/>
  </testcase> <!-- @AfterSuite extentReportEnd -->
  <testcase classname="com.baseYasasiiWeb.TestBaseYasasiiWeb" name="@BeforeTest startTest" time="0.0">
    <ignored/>
  </testcase> <!-- @BeforeTest startTest -->
  <testcase classname="com.baseYasasiiWeb.TestBaseYasasiiWeb" name="@BeforeTest startTest" time="0.0">
    <ignored/>
  </testcase> <!-- @BeforeTest startTest -->
  <testcase classname="com.baseYasasiiWeb.TestBaseYasasiiWeb" name="@BeforeTest startTest" time="0.0">
    <ignored/>
  </testcase> <!-- @BeforeTest startTest -->
  <testcase classname="com.baseYasasiiWeb.TestBaseYasasiiWeb" name="@BeforeTest startTest" time="0.0">
    <ignored/>
  </testcase> <!-- @BeforeTest startTest -->
  <testcase classname="com.baseYasasiiWeb.TestBaseYasasiiWeb" name="@BeforeTest startTest" time="0.0">
    <ignored/>
  </testcase> <!-- @BeforeTest startTest -->
  <testcase classname="com.baseYasasiiWeb.TestBaseYasasiiWeb" name="@BeforeTest startTest" time="0.0">
    <ignored/>
  </testcase> <!-- @BeforeTest startTest -->
</testsuite> <!-- Test -->
