<?xml version="1.0" encoding="UTF-8"?>
<!-- Generated by org.testng.reporters.JUnitXMLReporter -->
<testsuite ignored="0" hostname="KI54" failures="0" tests="1" name="Test" time="0.235" errors="0" timestamp="2022-09-01T10:10:00 IST">
  <testcase classname="com.baseYasasiiWeb.TestBaseYasasiiWeb" name="@BeforeSuite setup" time="5.773">
    <failure type="org.openqa.selenium.SessionNotCreatedException" message="session not created: This version of ChromeDriver only supports Chrome version 105
Current browser version is 104.0.5112.102 with binary path C:\Program Files\Google\Chrome\Application\chrome.exe
Build info: version: &amp;apos;4.0.0-alpha-3&amp;apos;, revision: &amp;apos;8c567de6dc&amp;apos;
System info: host: &amp;apos;KI54&amp;apos;, ip: &amp;apos;192.168.0.54&amp;apos;, os.name: &amp;apos;Windows 10&amp;apos;, os.arch: &amp;apos;amd64&amp;apos;, os.version: &amp;apos;10.0&amp;apos;, java.version: &amp;apos;18.0.1&amp;apos;
Driver info: driver.version: ChromeDriver
remote stacktrace: Backtrace:
	Ordinal0 [0x0024DF13+2219795]
	Ordinal0 [0x001E2841+1779777]
	Ordinal0 [0x000F423D+803389]
	Ordinal0 [0x001164AC+943276]
	Ordinal0 [0x001119F0+924144]
	Ordinal0 [0x0010F179+913785]
	Ordinal0 [0x001436B9+1128121]
	Ordinal0 [0x0014331A+1127194]
	Ordinal0 [0x0013E616+1107478]
	Ordinal0 [0x00117F89+950153]
	Ordinal0 [0x00118F56+954198]
	GetHandleVerifier [0x00542CB2+3040210]
	GetHandleVerifier [0x00532BB4+2974420]
	GetHandleVerifier [0x002E6A0A+565546]
	GetHandleVerifier [0x002E5680+560544]
	Ordinal0 [0x001E9A5C+1808988]
	Ordinal0 [0x001EE3A8+1827752]
	Ordinal0 [0x001EE495+1827989]
	Ordinal0 [0x001F80A4+1867940]
	BaseThreadInitThunk [0x75F8FA29+25]
	RtlGetAppContainerNamedObjectPath [0x774F7A7E+286]
	RtlGetAppContainerNamedObjectPath [0x774F7A4E+238]
	(No symbol) [0x00000000]
">
      <![CDATA[org.openqa.selenium.SessionNotCreatedException: session not created: This version of ChromeDriver only supports Chrome version 105
Current browser version is 104.0.5112.102 with binary path C:\Program Files\Google\Chrome\Application\chrome.exe
Build info: version: '4.0.0-alpha-3', revision: '8c567de6dc'
System info: host: 'KI54', ip: '192.168.0.54', os.name: 'Windows 10', os.arch: 'amd64', os.version: '10.0', java.version: '18.0.1'
Driver info: driver.version: ChromeDriver
remote stacktrace: Backtrace:
Ordinal0 [0x0024DF13+2219795]
Ordinal0 [0x001E2841+1779777]
Ordinal0 [0x000F423D+803389]
Ordinal0 [0x001164AC+943276]
Ordinal0 [0x001119F0+924144]
Ordinal0 [0x0010F179+913785]
Ordinal0 [0x001436B9+1128121]
Ordinal0 [0x0014331A+1127194]
Ordinal0 [0x0013E616+1107478]
Ordinal0 [0x00117F89+950153]
Ordinal0 [0x00118F56+954198]
GetHandleVerifier [0x00542CB2+3040210]
GetHandleVerifier [0x00532BB4+2974420]
GetHandleVerifier [0x002E6A0A+565546]
GetHandleVerifier [0x002E5680+560544]
Ordinal0 [0x001E9A5C+1808988]
Ordinal0 [0x001EE3A8+1827752]
Ordinal0 [0x001EE495+1827989]
Ordinal0 [0x001F80A4+1867940]
BaseThreadInitThunk [0x75F8FA29+25]
RtlGetAppContainerNamedObjectPath [0x774F7A7E+286]
RtlGetAppContainerNamedObjectPath [0x774F7A4E+238]
(No symbol) [0x00000000]

at org.openqa.selenium.remote.W3CHandshakeResponse.lambda$errorHandler$0(W3CHandshakeResponse.java:62)
at org.openqa.selenium.remote.HandshakeResponse.lambda$getResponseFunction$0(HandshakeResponse.java:30)
at org.openqa.selenium.remote.ProtocolHandshake.lambda$createSession$1(ProtocolHandshake.java:127)
at java.base/java.util.stream.ReferencePipeline$3$1.accept(ReferencePipeline.java:197)
at java.base/java.util.Spliterators$ArraySpliterator.tryAdvance(Spliterators.java:1002)
at java.base/java.util.stream.ReferencePipeline.forEachWithCancel(ReferencePipeline.java:129)
at java.base/java.util.stream.AbstractPipeline.copyIntoWithCancel(AbstractPipeline.java:527)
at java.base/java.util.stream.AbstractPipeline.copyInto(AbstractPipeline.java:513)
at java.base/java.util.stream.AbstractPipeline.wrapAndCopyInto(AbstractPipeline.java:499)
at java.base/java.util.stream.FindOps$FindOp.evaluateSequential(FindOps.java:150)
at java.base/java.util.stream.AbstractPipeline.evaluate(AbstractPipeline.java:234)
at java.base/java.util.stream.ReferencePipeline.findFirst(ReferencePipeline.java:647)
at org.openqa.selenium.remote.ProtocolHandshake.createSession(ProtocolHandshake.java:129)
at org.openqa.selenium.remote.ProtocolHandshake.createSession(ProtocolHandshake.java:75)
at org.openqa.selenium.remote.HttpCommandExecutor.execute(HttpCommandExecutor.java:139)
at org.openqa.selenium.remote.service.DriverCommandExecutor.execute(DriverCommandExecutor.java:83)
at org.openqa.selenium.remote.RemoteWebDriver.execute(RemoteWebDriver.java:576)
at org.openqa.selenium.remote.RemoteWebDriver.startSession(RemoteWebDriver.java:210)
at org.openqa.selenium.remote.RemoteWebDriver.<init>(RemoteWebDriver.java:130)
at org.openqa.selenium.chromium.ChromiumDriver.<init>(ChromiumDriver.java:75)
at org.openqa.selenium.chrome.ChromeDriver.<init>(ChromeDriver.java:163)
at org.openqa.selenium.chrome.ChromeDriver.<init>(ChromeDriver.java:150)
at org.openqa.selenium.chrome.ChromeDriver.<init>(ChromeDriver.java:139)
at com.baseYasasiiWeb.TestBaseYasasiiWeb.setup(TestBaseYasasiiWeb.java:128)
... Removed 20 stack frames]]>
    </failure>
  </testcase> <!-- @BeforeSuite setup -->
  <testcase classname="com.baseYasasiiWeb.TestBaseYasasiiWeb" name="@BeforeTest startTest" time="-1.662007199752E9">
    <skipped/>
  </testcase> <!-- @BeforeTest startTest -->
  <testcase classname="pagesTestCasesYasasiiWeb.SP5_InventoryTestCase" name="@BeforeClass navigateFOPage" time="-1.662007199773E9">
    <skipped/>
  </testcase> <!-- @BeforeClass navigateFOPage -->
  <testcase classname="com.baseYasasiiWeb.TestBaseYasasiiWeb" name="@BeforeMethod getTestMethodProperties" time="-1.662007199967E9">
    <skipped/>
  </testcase> <!-- @BeforeMethod getTestMethodProperties -->
  <testcase classname="com.baseYasasiiWeb.TestBaseYasasiiWeb" name="@AfterMethod getResult" time="-1.662007199975E9">
    <skipped/>
  </testcase> <!-- @AfterMethod getResult -->
  <testcase classname="pagesTestCasesYasasiiWeb.SP5_InventoryTestCase" name="@AfterClass logout" time="-1.662007199978E9">
    <skipped/>
  </testcase> <!-- @AfterClass logout -->
  <testcase classname="pagesTestCasesYasasiiWeb.SP5_InventoryTestCase" name="inventoryFlow" time="0.0">
    <skipped/>
  </testcase> <!-- inventoryFlow -->
</testsuite> <!-- Test -->
