<?xml version="1.0" encoding="UTF-8"?>
<testng-results ignored="0" total="1" passed="1" failed="0" skipped="0">
  <reporter-output>
  </reporter-output>
  <suite started-at="2022-09-01T10:13:58 IST" name="Default suite" finished-at="2022-09-01T10:14:22 IST" duration-ms="24671">
    <groups>
    </groups>
    <test started-at="2022-09-01T10:13:58 IST" name="Default test" finished-at="2022-09-01T10:14:22 IST" duration-ms="24671">
      <class name="pagesTestCasesYasasiiWeb.SP5_InventoryTestCase">
        <test-method is-config="true" signature="setup()[pri:0, instance:pagesTestCasesYasasiiWeb.SP5_InventoryTestCase@531c311e]" started-at="2022-09-01T10:13:48 IST" name="setup" finished-at="2022-09-01T10:13:58 IST" duration-ms="9518" status="PASS">
          <reporter-output>
          </reporter-output>
        </test-method> <!-- setup -->
        <test-method is-config="true" signature="startTest()[pri:0, instance:pagesTestCasesYasasiiWeb.SP5_InventoryTestCase@531c311e]" started-at="2022-09-01T10:13:58 IST" name="startTest" finished-at="2022-09-01T10:13:59 IST" duration-ms="797" status="PASS">
          <reporter-output>
          </reporter-output>
        </test-method> <!-- startTest -->
        <test-method is-config="true" signature="navigateFOPage()[pri:0, instance:pagesTestCasesYasasiiWeb.SP5_InventoryTestCase@531c311e]" started-at="2022-09-01T10:13:59 IST" name="navigateFOPage" finished-at="2022-09-01T10:14:11 IST" duration-ms="12294" status="PASS">
          <reporter-output>
          </reporter-output>
        </test-method> <!-- navigateFOPage -->
        <test-method is-config="true" signature="getTestMethodProperties(java.lang.reflect.Method)[pri:0, instance:pagesTestCasesYasasiiWeb.SP5_InventoryTestCase@531c311e]" started-at="2022-09-01T10:14:11 IST" name="getTestMethodProperties" finished-at="2022-09-01T10:14:11 IST" duration-ms="6" status="PASS">
          <params>
            <param index="0">
              <value>
                <![CDATA[public void pagesTestCasesYasasiiWeb.SP5_InventoryTestCase.inventoryFlow(java.lang.String,java.lang.String,java.lang.String,java.lang.String,java.lang.String,java.lang.String,java.lang.String,java.lang.String,java.lang.String,java.lang.String) throws java.lang.InterruptedException,java.io.IOException,java.awt.AWTException]]>
              </value>
            </param>
          </params>
          <reporter-output>
          </reporter-output>
        </test-method> <!-- getTestMethodProperties -->
        <test-method signature="inventoryFlow(java.lang.String, java.lang.String, java.lang.String, java.lang.String, java.lang.String, java.lang.String, java.lang.String, java.lang.String, java.lang.String, java.lang.String)[pri:0, instance:pagesTestCasesYasasiiWeb.SP5_InventoryTestCase@531c311e]" started-at="2022-09-01T10:14:11 IST" name="inventoryFlow" data-provider="getData" finished-at="2022-09-01T10:14:19 IST" duration-ms="8057" status="PASS">
          <params>
            <param index="0">
              <value>
                <![CDATA[z-BasePharm 22]]>
              </value>
            </param>
            <param index="1">
              <value>
                <![CDATA[Ref020]]>
              </value>
            </param>
            <param index="2">
              <value>
                <![CDATA[91001A]]>
              </value>
            </param>
            <param index="3">
              <value>
                <![CDATA[IGN-22]]>
              </value>
            </param>
            <param index="4">
              <value>
                <![CDATA[HHC00158522]]>
              </value>
            </param>
            <param index="5">
              <value>
                <![CDATA[raaji 12]]>
              </value>
            </param>
            <param index="6">
              <value>
                <![CDATA[IND_000026122]]>
              </value>
            </param>
            <param index="7">
              <value>
                <![CDATA[IND_000025922]]>
              </value>
            </param>
            <param index="8">
              <value>
                <![CDATA[var-0012]]>
              </value>
            </param>
            <param index="9">
              <value>
                <![CDATA[vari med.pvt.ltd]]>
              </value>
            </param>
          </params>
          <reporter-output>
          </reporter-output>
        </test-method> <!-- inventoryFlow -->
        <test-method is-config="true" signature="getResult(org.testng.ITestResult)[pri:0, instance:pagesTestCasesYasasiiWeb.SP5_InventoryTestCase@531c311e]" started-at="2022-09-01T10:14:19 IST" name="getResult" finished-at="2022-09-01T10:14:19 IST" duration-ms="3" status="PASS">
          <params>
            <param index="0">
              <value>
                <![CDATA[[TestResult name=inventoryFlow status=SUCCESS method=SP5_InventoryTestCase.inventoryFlow(java.lang.String, java.lang.String, java.lang.String, java.lang.String, java.lang.String, java.lang.String, java.lang.String, java.lang.String, java.lang.String, java.lang.String)[pri:0, instance:pagesTestCasesYasasiiWeb.SP5_InventoryTestCase@531c311e] output={null}]]]>
              </value>
            </param>
          </params>
          <reporter-output>
          </reporter-output>
        </test-method> <!-- getResult -->
        <test-method is-config="true" signature="logout()[pri:0, instance:pagesTestCasesYasasiiWeb.SP5_InventoryTestCase@531c311e]" started-at="2022-09-01T10:14:19 IST" name="logout" finished-at="2022-09-01T10:14:22 IST" duration-ms="3248" status="PASS">
          <reporter-output>
          </reporter-output>
        </test-method> <!-- logout -->
        <test-method is-config="true" signature="extentReportEnd()[pri:0, instance:pagesTestCasesYasasiiWeb.SP5_InventoryTestCase@531c311e]" started-at="2022-09-01T10:14:22 IST" name="extentReportEnd" finished-at="2022-09-01T10:14:23 IST" duration-ms="490" status="PASS">
          <reporter-output>
          </reporter-output>
        </test-method> <!-- extentReportEnd -->
        <test-method is-config="true" signature="teardown()[pri:0, instance:pagesTestCasesYasasiiWeb.SP5_InventoryTestCase@531c311e]" started-at="2022-09-01T10:14:23 IST" name="teardown" finished-at="2022-09-01T10:14:23 IST" duration-ms="529" status="PASS">
          <reporter-output>
          </reporter-output>
        </test-method> <!-- teardown -->
      </class> <!-- pagesTestCasesYasasiiWeb.SP5_InventoryTestCase -->
    </test> <!-- Default test -->
  </suite> <!-- Default suite -->
</testng-results>
