<?xml version="1.0" encoding="UTF-8"?>
<testng-results ignored="0" total="1" passed="0" failed="1" skipped="0">
  <reporter-output>
  </reporter-output>
  <suite started-at="2022-09-21T16:24:32 IST" name="Default suite" finished-at="2022-09-21T16:26:43 IST" duration-ms="131592">
    <groups>
    </groups>
    <test started-at="2022-09-21T16:24:32 IST" name="Default test" finished-at="2022-09-21T16:26:43 IST" duration-ms="131592">
      <class name="pagesTestCasesYasasiiWeb.BlockandFreezeTestCasesYW">
        <test-method is-config="true" signature="setup()[pri:0, instance:pagesTestCasesYasasiiWeb.BlockandFreezeTestCasesYW@4b672daa]" started-at="2022-09-21T16:24:25 IST" name="setup" finished-at="2022-09-21T16:24:32 IST" duration-ms="7186" status="PASS">
          <reporter-output>
          </reporter-output>
        </test-method> <!-- setup -->
        <test-method is-config="true" signature="startTest()[pri:0, instance:pagesTestCasesYasasiiWeb.BlockandFreezeTestCasesYW@4b672daa]" started-at="2022-09-21T16:24:32 IST" name="startTest" finished-at="2022-09-21T16:24:32 IST" duration-ms="228" status="PASS">
          <reporter-output>
          </reporter-output>
        </test-method> <!-- startTest -->
        <test-method is-config="true" signature="navigateOPfullPage()[pri:0, instance:pagesTestCasesYasasiiWeb.BlockandFreezeTestCasesYW@4b672daa]" started-at="2022-09-21T16:24:32 IST" name="navigateOPfullPage" finished-at="2022-09-21T16:24:44 IST" duration-ms="11357" status="PASS">
          <reporter-output>
          </reporter-output>
        </test-method> <!-- navigateOPfullPage -->
        <test-method is-config="true" signature="getTestMethodProperties(java.lang.reflect.Method)[pri:0, instance:pagesTestCasesYasasiiWeb.BlockandFreezeTestCasesYW@4b672daa]" started-at="2022-09-21T16:24:44 IST" name="getTestMethodProperties" finished-at="2022-09-21T16:24:44 IST" duration-ms="6" status="PASS">
          <params>
            <param index="0">
              <value>
                <![CDATA[public void pagesTestCasesYasasiiWeb.BlockandFreezeTestCasesYW.OPEMR(java.lang.String,java.lang.String,java.lang.String,java.lang.String) throws java.lang.InterruptedException,java.io.IOException,java.awt.AWTException]]>
              </value>
            </param>
          </params>
          <reporter-output>
          </reporter-output>
        </test-method> <!-- getTestMethodProperties -->
        <test-method signature="OPEMR(java.lang.String, java.lang.String, java.lang.String, java.lang.String)[pri:0, instance:pagesTestCasesYasasiiWeb.BlockandFreezeTestCasesYW@4b672daa]" started-at="2022-09-21T16:24:44 IST" name="OPEMR" data-provider="getData" finished-at="2022-09-21T16:26:40 IST" duration-ms="116120" status="FAIL">
          <params>
            <param index="0">
              <value>
                <![CDATA[admin]]>
              </value>
            </param>
            <param index="1">
              <value>
                <![CDATA[kameda321]]>
              </value>
            </param>
            <param index="2">
              <value>
                <![CDATA[Kameda Medical Center]]>
              </value>
            </param>
            <param index="3">
              <value>
                <![CDATA[HHC00237222]]>
              </value>
            </param>
          </params>
          <exception class="org.openqa.selenium.UnhandledAlertException">
            <message>
              <![CDATA[unexpected alert open: {Alert text : }
  (Session info: chrome=105.0.5195.102): {Alert text : 
Build info: version: '4.0.0-alpha-3', revision: '8c567de6dc'
System info: host: 'KI54', ip: '192.168.0.54', os.name: 'Windows 10', os.arch: 'amd64', os.version: '10.0', java.version: '18.0.1'
Driver info: org.openqa.selenium.chrome.ChromeDriver
Capabilities {acceptInsecureCerts: false, browserName: chrome, browserVersion: 105.0.5195.102, chrome: {chromedriverVersion: 105.0.5195.52 (412c95e51883..., userDataDir: C:\Users\sriram\AppData\Loc...}, goog:chromeOptions: {debuggerAddress: localhost:56753}, javascriptEnabled: true, networkConnectionEnabled: false, pageLoadStrategy: normal, platform: WINDOWS, platformName: WINDOWS, proxy: Proxy(), setWindowRect: true, strictFileInteractability: false, timeouts: {implicit: 0, pageLoad: 300000, script: 30000}, unhandledPromptBehavior: dismiss and notify, webauthn:extension:credBlob: true, webauthn:extension:largeBlob: true, webauthn:virtualAuthenticators: true}
Session ID: a18fed97a5bad43595a7b876829352ba
*** Element info: {Using=xpath, value=//input[@id='maincategory']}]]>
            </message>
            <full-stacktrace>
              <![CDATA[org.openqa.selenium.UnhandledAlertException: unexpected alert open: {Alert text : }
  (Session info: chrome=105.0.5195.102): {Alert text : 
Build info: version: '4.0.0-alpha-3', revision: '8c567de6dc'
System info: host: 'KI54', ip: '192.168.0.54', os.name: 'Windows 10', os.arch: 'amd64', os.version: '10.0', java.version: '18.0.1'
Driver info: org.openqa.selenium.chrome.ChromeDriver
Capabilities {acceptInsecureCerts: false, browserName: chrome, browserVersion: 105.0.5195.102, chrome: {chromedriverVersion: 105.0.5195.52 (412c95e51883..., userDataDir: C:\Users\sriram\AppData\Loc...}, goog:chromeOptions: {debuggerAddress: localhost:56753}, javascriptEnabled: true, networkConnectionEnabled: false, pageLoadStrategy: normal, platform: WINDOWS, platformName: WINDOWS, proxy: Proxy(), setWindowRect: true, strictFileInteractability: false, timeouts: {implicit: 0, pageLoad: 300000, script: 30000}, unhandledPromptBehavior: dismiss and notify, webauthn:extension:credBlob: true, webauthn:extension:largeBlob: true, webauthn:virtualAuthenticators: true}
Session ID: a18fed97a5bad43595a7b876829352ba
*** Element info: {Using=xpath, value=//input[@id='maincategory']}
at org.openqa.selenium.remote.codec.w3c.W3CHttpResponseCodec.decode(W3CHttpResponseCodec.java:123)
at org.openqa.selenium.remote.codec.w3c.W3CHttpResponseCodec.decode(W3CHttpResponseCodec.java:52)
at org.openqa.selenium.remote.HttpCommandExecutor.execute(HttpCommandExecutor.java:161)
at org.openqa.selenium.remote.service.DriverCommandExecutor.execute(DriverCommandExecutor.java:83)
at org.openqa.selenium.remote.RemoteWebDriver.execute(RemoteWebDriver.java:576)
at org.openqa.selenium.remote.RemoteWebDriver.findElement(RemoteWebDriver.java:327)
at org.openqa.selenium.remote.RemoteWebDriver.findElementByXPath(RemoteWebDriver.java:445)
at org.openqa.selenium.By$ByXPath.findElement(By.java:396)
at org.openqa.selenium.remote.RemoteWebDriver.findElement(RemoteWebDriver.java:319)
at org.openqa.selenium.support.ui.ExpectedConditions$7.apply(ExpectedConditions.java:205)
at org.openqa.selenium.support.ui.ExpectedConditions$7.apply(ExpectedConditions.java:201)
at org.openqa.selenium.support.ui.FluentWait.until(FluentWait.java:211)
at pagesOfYasasiiWeb.BlockandFreezeYasasiiWeb.BlockandFreeze(BlockandFreezeYasasiiWeb.java:371)
at pagesTestCasesYasasiiWeb.BlockandFreezeTestCasesYW.OPEMR(BlockandFreezeTestCasesYW.java:32)
at java.base/jdk.internal.reflect.DirectMethodHandleAccessor.invoke(DirectMethodHandleAccessor.java:104)
at java.base/java.lang.reflect.Method.invoke(Method.java:577)
at org.testng.internal.MethodInvocationHelper.invokeMethod(MethodInvocationHelper.java:132)
at org.testng.internal.TestInvoker.invokeMethod(TestInvoker.java:599)
at org.testng.internal.TestInvoker.invokeTestMethod(TestInvoker.java:174)
at org.testng.internal.MethodRunner.runInSequence(MethodRunner.java:46)
at org.testng.internal.TestInvoker$MethodInvocationAgent.invoke(TestInvoker.java:822)
at org.testng.internal.TestInvoker.invokeTestMethods(TestInvoker.java:147)
at org.testng.internal.TestMethodWorker.invokeTestMethods(TestMethodWorker.java:146)
at org.testng.internal.TestMethodWorker.run(TestMethodWorker.java:128)
at java.base/java.util.ArrayList.forEach(ArrayList.java:1511)
at org.testng.TestRunner.privateRun(TestRunner.java:764)
at org.testng.TestRunner.run(TestRunner.java:585)
at org.testng.SuiteRunner.runTest(SuiteRunner.java:384)
at org.testng.SuiteRunner.runSequentially(SuiteRunner.java:378)
at org.testng.SuiteRunner.privateRun(SuiteRunner.java:337)
at org.testng.SuiteRunner.run(SuiteRunner.java:286)
at org.testng.SuiteRunnerWorker.runSuite(SuiteRunnerWorker.java:53)
at org.testng.SuiteRunnerWorker.run(SuiteRunnerWorker.java:96)
at org.testng.TestNG.runSuitesSequentially(TestNG.java:1218)
at org.testng.TestNG.runSuitesLocally(TestNG.java:1140)
at org.testng.TestNG.runSuites(TestNG.java:1069)
at org.testng.TestNG.run(TestNG.java:1037)
at org.testng.remote.AbstractRemoteTestNG.run(AbstractRemoteTestNG.java:115)
at org.testng.remote.RemoteTestNG.initAndRun(RemoteTestNG.java:251)
at org.testng.remote.RemoteTestNG.main(RemoteTestNG.java:77)
]]>
            </full-stacktrace>
          </exception> <!-- org.openqa.selenium.UnhandledAlertException -->
          <reporter-output>
          </reporter-output>
        </test-method> <!-- OPEMR -->
        <test-method is-config="true" signature="getResult(org.testng.ITestResult)[pri:0, instance:pagesTestCasesYasasiiWeb.BlockandFreezeTestCasesYW@4b672daa]" started-at="2022-09-21T16:26:40 IST" name="getResult" finished-at="2022-09-21T16:26:40 IST" duration-ms="232" status="PASS">
          <params>
            <param index="0">
              <value>
                <![CDATA[[TestResult name=OPEMR status=FAILURE method=BlockandFreezeTestCasesYW.OPEMR(java.lang.String, java.lang.String, java.lang.String, java.lang.String)[pri:0, instance:pagesTestCasesYasasiiWeb.BlockandFreezeTestCasesYW@4b672daa] output={null}]]]>
              </value>
            </param>
          </params>
          <reporter-output>
          </reporter-output>
        </test-method> <!-- getResult -->
        <test-method is-config="true" signature="logout()[pri:0, instance:pagesTestCasesYasasiiWeb.BlockandFreezeTestCasesYW@4b672daa]" started-at="2022-09-21T16:26:40 IST" name="logout" finished-at="2022-09-21T16:26:43 IST" duration-ms="3418" status="PASS">
          <reporter-output>
          </reporter-output>
        </test-method> <!-- logout -->
        <test-method is-config="true" signature="close()[pri:0, instance:pagesTestCasesYasasiiWeb.BlockandFreezeTestCasesYW@4b672daa]" started-at="2022-09-21T16:26:44 IST" name="close" finished-at="2022-09-21T16:26:44 IST" duration-ms="146" status="PASS">
          <reporter-output>
          </reporter-output>
        </test-method> <!-- close -->
        <test-method is-config="true" signature="extentReportEnd()[pri:0, instance:pagesTestCasesYasasiiWeb.BlockandFreezeTestCasesYW@4b672daa]" started-at="2022-09-21T16:26:44 IST" name="extentReportEnd" finished-at="2022-09-21T16:26:44 IST" depends-on-methods="pagesTestCasesYasasiiWeb.BlockandFreezeTestCasesYW.close" duration-ms="414" status="PASS">
          <reporter-output>
          </reporter-output>
        </test-method> <!-- extentReportEnd -->
        <test-method is-config="true" signature="teardown()[pri:0, instance:pagesTestCasesYasasiiWeb.BlockandFreezeTestCasesYW@4b672daa]" started-at="2022-09-21T16:26:44 IST" name="teardown" finished-at="2022-09-21T16:26:44 IST" depends-on-methods="pagesTestCasesYasasiiWeb.BlockandFreezeTestCasesYW.close" duration-ms="6" status="FAIL">
          <exception class="org.openqa.selenium.NoSuchWindowException">
            <message>
              <![CDATA[no such window: target window already closed
from unknown error: web view not found
  (Session info: chrome=105.0.5195.102)
Build info: version: '4.0.0-alpha-3', revision: '8c567de6dc'
System info: host: 'KI54', ip: '192.168.0.54', os.name: 'Windows 10', os.arch: 'amd64', os.version: '10.0', java.version: '18.0.1'
Driver info: org.openqa.selenium.chrome.ChromeDriver
Capabilities {acceptInsecureCerts: false, browserName: chrome, browserVersion: 105.0.5195.102, chrome: {chromedriverVersion: 105.0.5195.52 (412c95e51883..., userDataDir: C:\Users\sriram\AppData\Loc...}, goog:chromeOptions: {debuggerAddress: localhost:56753}, javascriptEnabled: true, networkConnectionEnabled: false, pageLoadStrategy: normal, platform: WINDOWS, platformName: WINDOWS, proxy: Proxy(), setWindowRect: true, strictFileInteractability: false, timeouts: {implicit: 0, pageLoad: 300000, script: 30000}, unhandledPromptBehavior: dismiss and notify, webauthn:extension:credBlob: true, webauthn:extension:largeBlob: true, webauthn:virtualAuthenticators: true}
Session ID: a18fed97a5bad43595a7b876829352ba]]>
            </message>
            <full-stacktrace>
              <![CDATA[org.openqa.selenium.NoSuchWindowException: no such window: target window already closed
from unknown error: web view not found
  (Session info: chrome=105.0.5195.102)
Build info: version: '4.0.0-alpha-3', revision: '8c567de6dc'
System info: host: 'KI54', ip: '192.168.0.54', os.name: 'Windows 10', os.arch: 'amd64', os.version: '10.0', java.version: '18.0.1'
Driver info: org.openqa.selenium.chrome.ChromeDriver
Capabilities {acceptInsecureCerts: false, browserName: chrome, browserVersion: 105.0.5195.102, chrome: {chromedriverVersion: 105.0.5195.52 (412c95e51883..., userDataDir: C:\Users\sriram\AppData\Loc...}, goog:chromeOptions: {debuggerAddress: localhost:56753}, javascriptEnabled: true, networkConnectionEnabled: false, pageLoadStrategy: normal, platform: WINDOWS, platformName: WINDOWS, proxy: Proxy(), setWindowRect: true, strictFileInteractability: false, timeouts: {implicit: 0, pageLoad: 300000, script: 30000}, unhandledPromptBehavior: dismiss and notify, webauthn:extension:credBlob: true, webauthn:extension:largeBlob: true, webauthn:virtualAuthenticators: true}
Session ID: a18fed97a5bad43595a7b876829352ba
at java.base/jdk.internal.reflect.DirectConstructorHandleAccessor.newInstance(DirectConstructorHandleAccessor.java:67)
at java.base/java.lang.reflect.Constructor.newInstanceWithCaller(Constructor.java:499)
at java.base/java.lang.reflect.Constructor.newInstance(Constructor.java:483)
at org.openqa.selenium.remote.codec.w3c.W3CHttpResponseCodec.createException(W3CHttpResponseCodec.java:191)
at org.openqa.selenium.remote.codec.w3c.W3CHttpResponseCodec.decode(W3CHttpResponseCodec.java:125)
at org.openqa.selenium.remote.codec.w3c.W3CHttpResponseCodec.decode(W3CHttpResponseCodec.java:52)
at org.openqa.selenium.remote.HttpCommandExecutor.execute(HttpCommandExecutor.java:161)
at org.openqa.selenium.remote.service.DriverCommandExecutor.execute(DriverCommandExecutor.java:83)
at org.openqa.selenium.remote.RemoteWebDriver.execute(RemoteWebDriver.java:576)
at org.openqa.selenium.remote.RemoteWebDriver.execute(RemoteWebDriver.java:633)
at org.openqa.selenium.remote.RemoteWebDriver.execute(RemoteWebDriver.java:637)
at org.openqa.selenium.remote.RemoteWebDriver.close(RemoteWebDriver.java:462)
at com.baseYasasiiWeb.TestBaseYasasiiWeb.teardown(TestBaseYasasiiWeb.java:223)
at java.base/jdk.internal.reflect.DirectMethodHandleAccessor.invoke(DirectMethodHandleAccessor.java:104)
at java.base/java.lang.reflect.Method.invoke(Method.java:577)
at org.testng.internal.MethodInvocationHelper.invokeMethod(MethodInvocationHelper.java:132)
at org.testng.internal.MethodInvocationHelper.invokeMethodConsideringTimeout(MethodInvocationHelper.java:61)
at org.testng.internal.ConfigInvoker.invokeConfigurationMethod(ConfigInvoker.java:366)
at org.testng.internal.ConfigInvoker.invokeConfigurations(ConfigInvoker.java:320)
at org.testng.SuiteRunner.privateRun(SuiteRunner.java:351)
at org.testng.SuiteRunner.run(SuiteRunner.java:286)
at org.testng.SuiteRunnerWorker.runSuite(SuiteRunnerWorker.java:53)
at org.testng.SuiteRunnerWorker.run(SuiteRunnerWorker.java:96)
at org.testng.TestNG.runSuitesSequentially(TestNG.java:1218)
at org.testng.TestNG.runSuitesLocally(TestNG.java:1140)
at org.testng.TestNG.runSuites(TestNG.java:1069)
at org.testng.TestNG.run(TestNG.java:1037)
at org.testng.remote.AbstractRemoteTestNG.run(AbstractRemoteTestNG.java:115)
at org.testng.remote.RemoteTestNG.initAndRun(RemoteTestNG.java:251)
at org.testng.remote.RemoteTestNG.main(RemoteTestNG.java:77)
]]>
            </full-stacktrace>
          </exception> <!-- org.openqa.selenium.NoSuchWindowException -->
          <reporter-output>
          </reporter-output>
        </test-method> <!-- teardown -->
      </class> <!-- pagesTestCasesYasasiiWeb.BlockandFreezeTestCasesYW -->
    </test> <!-- Default test -->
  </suite> <!-- Default suite -->
</testng-results>
