<?xml version="1.0" encoding="UTF-8"?>
<testng-results ignored="0" total="2" passed="2" failed="0" skipped="0">
  <reporter-output>
  </reporter-output>
  <suite started-at="2022-09-15T15:14:39 IST" name="Default suite" finished-at="2022-09-15T15:24:07 IST" duration-ms="568448">
    <groups>
    </groups>
    <test started-at="2022-09-15T15:14:39 IST" name="Default test" finished-at="2022-09-15T15:24:07 IST" duration-ms="568448">
      <class name="pagesTestCasesYasasiiWeb.SP5_InventoryTestCase">
        <test-method is-config="true" signature="setup()[pri:0, instance:pagesTestCasesYasasiiWeb.SP5_InventoryTestCase@531c311e]" started-at="2022-09-15T15:14:32 IST" name="setup" finished-at="2022-09-15T15:14:39 IST" duration-ms="6799" status="PASS">
          <reporter-output>
          </reporter-output>
        </test-method> <!-- setup -->
        <test-method is-config="true" signature="startTest()[pri:0, instance:pagesTestCasesYasasiiWeb.SP5_InventoryTestCase@531c311e]" started-at="2022-09-15T15:14:39 IST" name="startTest" finished-at="2022-09-15T15:14:39 IST" duration-ms="158" status="PASS">
          <reporter-output>
          </reporter-output>
        </test-method> <!-- startTest -->
        <test-method is-config="true" signature="navigateFOPage()[pri:0, instance:pagesTestCasesYasasiiWeb.SP5_InventoryTestCase@531c311e]" started-at="2022-09-15T15:14:39 IST" name="navigateFOPage" finished-at="2022-09-15T15:14:51 IST" duration-ms="12189" status="PASS">
          <reporter-output>
          </reporter-output>
        </test-method> <!-- navigateFOPage -->
        <test-method is-config="true" signature="getTestMethodProperties(java.lang.reflect.Method)[pri:0, instance:pagesTestCasesYasasiiWeb.SP5_InventoryTestCase@531c311e]" started-at="2022-09-15T15:14:51 IST" name="getTestMethodProperties" finished-at="2022-09-15T15:14:51 IST" duration-ms="6" status="PASS">
          <params>
            <param index="0">
              <value>
                <![CDATA[public void pagesTestCasesYasasiiWeb.SP5_InventoryTestCase.inventoryFlow(java.lang.String,java.lang.String,java.lang.String,java.lang.String,java.lang.String,java.lang.String,java.lang.String,java.lang.String,java.lang.String,java.lang.String) throws java.lang.InterruptedException,java.io.IOException,java.awt.AWTException]]>
              </value>
            </param>
          </params>
          <reporter-output>
          </reporter-output>
        </test-method> <!-- getTestMethodProperties -->
        <test-method signature="inventoryFlow(java.lang.String, java.lang.String, java.lang.String, java.lang.String, java.lang.String, java.lang.String, java.lang.String, java.lang.String, java.lang.String, java.lang.String)[pri:0, instance:pagesTestCasesYasasiiWeb.SP5_InventoryTestCase@531c311e]" started-at="2022-09-15T15:14:51 IST" name="inventoryFlow" data-provider="getData" finished-at="2022-09-15T15:23:06 IST" duration-ms="494423" status="PASS">
          <params>
            <param index="0">
              <value>
                <![CDATA[z-BasePharm 23]]>
              </value>
            </param>
            <param index="1">
              <value>
                <![CDATA[Ref021]]>
              </value>
            </param>
            <param index="2">
              <value>
                <![CDATA[91001A]]>
              </value>
            </param>
            <param index="3">
              <value>
                <![CDATA[IGN-25]]>
              </value>
            </param>
            <param index="4">
              <value>
                <![CDATA[HHC00158522]]>
              </value>
            </param>
            <param index="5">
              <value>
                <![CDATA[raaji 12]]>
              </value>
            </param>
            <param index="6">
              <value>
                <![CDATA[IND_000026122]]>
              </value>
            </param>
            <param index="7">
              <value>
                <![CDATA[IND_000028122]]>
              </value>
            </param>
            <param index="8">
              <value>
                <![CDATA[var-0013]]>
              </value>
            </param>
            <param index="9">
              <value>
                <![CDATA[vari med.pvt.ltd]]>
              </value>
            </param>
          </params>
          <reporter-output>
          </reporter-output>
        </test-method> <!-- inventoryFlow -->
        <test-method is-config="true" signature="getResult(org.testng.ITestResult)[pri:0, instance:pagesTestCasesYasasiiWeb.SP5_InventoryTestCase@531c311e]" started-at="2022-09-15T15:23:06 IST" name="getResult" finished-at="2022-09-15T15:23:06 IST" duration-ms="3" status="PASS">
          <params>
            <param index="0">
              <value>
                <![CDATA[[TestResult name=inventoryFlow status=SUCCESS method=SP5_InventoryTestCase.inventoryFlow(java.lang.String, java.lang.String, java.lang.String, java.lang.String, java.lang.String, java.lang.String, java.lang.String, java.lang.String, java.lang.String, java.lang.String)[pri:0, instance:pagesTestCasesYasasiiWeb.SP5_InventoryTestCase@531c311e] output={null}]]]>
              </value>
            </param>
          </params>
          <reporter-output>
          </reporter-output>
        </test-method> <!-- getResult -->
        <test-method is-config="true" signature="getTestMethodProperties(java.lang.reflect.Method)[pri:0, instance:pagesTestCasesYasasiiWeb.SP5_InventoryTestCase@531c311e]" started-at="2022-09-15T15:23:06 IST" name="getTestMethodProperties" finished-at="2022-09-15T15:23:06 IST" duration-ms="0" status="PASS">
          <params>
            <param index="0">
              <value>
                <![CDATA[public void pagesTestCasesYasasiiWeb.SP5_InventoryTestCase.inventoryFlow1(java.lang.String,java.lang.String,java.lang.String,java.lang.String,java.lang.String,java.lang.String,java.lang.String,java.lang.String,java.lang.String,java.lang.String) throws java.lang.InterruptedException,java.io.IOException,java.awt.AWTException]]>
              </value>
            </param>
          </params>
          <reporter-output>
          </reporter-output>
        </test-method> <!-- getTestMethodProperties -->
        <test-method signature="inventoryFlow1(java.lang.String, java.lang.String, java.lang.String, java.lang.String, java.lang.String, java.lang.String, java.lang.String, java.lang.String, java.lang.String, java.lang.String)[pri:0, instance:pagesTestCasesYasasiiWeb.SP5_InventoryTestCase@531c311e]" started-at="2022-09-15T15:23:06 IST" name="inventoryFlow1" data-provider="getData" finished-at="2022-09-15T15:24:04 IST" duration-ms="58022" status="PASS">
          <params>
            <param index="0">
              <value>
                <![CDATA[z-BasePharm 23]]>
              </value>
            </param>
            <param index="1">
              <value>
                <![CDATA[Ref021]]>
              </value>
            </param>
            <param index="2">
              <value>
                <![CDATA[91001A]]>
              </value>
            </param>
            <param index="3">
              <value>
                <![CDATA[IGN-25]]>
              </value>
            </param>
            <param index="4">
              <value>
                <![CDATA[HHC00158522]]>
              </value>
            </param>
            <param index="5">
              <value>
                <![CDATA[raaji 12]]>
              </value>
            </param>
            <param index="6">
              <value>
                <![CDATA[IND_000028622]]>
              </value>
            </param>
            <param index="7">
              <value>
                <![CDATA[IND_000028422]]>
              </value>
            </param>
            <param index="8">
              <value>
                <![CDATA[var-0013]]>
              </value>
            </param>
            <param index="9">
              <value>
                <![CDATA[vari med.pvt.ltd]]>
              </value>
            </param>
          </params>
          <reporter-output>
          </reporter-output>
        </test-method> <!-- inventoryFlow1 -->
        <test-method is-config="true" signature="getResult(org.testng.ITestResult)[pri:0, instance:pagesTestCasesYasasiiWeb.SP5_InventoryTestCase@531c311e]" started-at="2022-09-15T15:24:04 IST" name="getResult" finished-at="2022-09-15T15:24:04 IST" duration-ms="1" status="PASS">
          <params>
            <param index="0">
              <value>
                <![CDATA[[TestResult name=inventoryFlow1 status=SUCCESS method=SP5_InventoryTestCase.inventoryFlow1(java.lang.String, java.lang.String, java.lang.String, java.lang.String, java.lang.String, java.lang.String, java.lang.String, java.lang.String, java.lang.String, java.lang.String)[pri:0, instance:pagesTestCasesYasasiiWeb.SP5_InventoryTestCase@531c311e] output={null}]]]>
              </value>
            </param>
          </params>
          <reporter-output>
          </reporter-output>
        </test-method> <!-- getResult -->
        <test-method is-config="true" signature="logout()[pri:0, instance:pagesTestCasesYasasiiWeb.SP5_InventoryTestCase@531c311e]" started-at="2022-09-15T15:24:04 IST" name="logout" finished-at="2022-09-15T15:24:07 IST" duration-ms="3396" status="PASS">
          <reporter-output>
          </reporter-output>
        </test-method> <!-- logout -->
        <test-method is-config="true" signature="extentReportEnd()[pri:0, instance:pagesTestCasesYasasiiWeb.SP5_InventoryTestCase@531c311e]" started-at="2022-09-15T15:24:07 IST" name="extentReportEnd" finished-at="2022-09-15T15:24:08 IST" duration-ms="510" status="PASS">
          <reporter-output>
          </reporter-output>
        </test-method> <!-- extentReportEnd -->
        <test-method is-config="true" signature="teardown()[pri:0, instance:pagesTestCasesYasasiiWeb.SP5_InventoryTestCase@531c311e]" started-at="2022-09-15T15:24:08 IST" name="teardown" finished-at="2022-09-15T15:24:10 IST" duration-ms="2630" status="PASS">
          <reporter-output>
          </reporter-output>
        </test-method> <!-- teardown -->
      </class> <!-- pagesTestCasesYasasiiWeb.SP5_InventoryTestCase -->
    </test> <!-- Default test -->
  </suite> <!-- Default suite -->
</testng-results>
