<?xml version="1.0" encoding="UTF-8"?>
<testng-results ignored="0" total="1" passed="1" failed="0" skipped="0">
  <reporter-output>
  </reporter-output>
  <suite started-at="2022-09-15T13:26:52 IST" name="Default suite" finished-at="2022-09-15T13:29:47 IST" duration-ms="174988">
    <groups>
    </groups>
    <test started-at="2022-09-15T13:26:52 IST" name="Default test" finished-at="2022-09-15T13:29:47 IST" duration-ms="174988">
      <class name="pagesTestCasesYasasiiWeb.SP5_FO_BillCancel_Refund_TestCaseYW">
        <test-method is-config="true" signature="setup()[pri:0, instance:pagesTestCasesYasasiiWeb.SP5_FO_BillCancel_Refund_TestCaseYW@60d1a32f]" started-at="2022-09-15T13:26:46 IST" name="setup" finished-at="2022-09-15T13:26:52 IST" duration-ms="6959" status="PASS">
          <reporter-output>
          </reporter-output>
        </test-method> <!-- setup -->
        <test-method is-config="true" signature="startTest()[pri:0, instance:pagesTestCasesYasasiiWeb.SP5_FO_BillCancel_Refund_TestCaseYW@60d1a32f]" started-at="2022-09-15T13:26:52 IST" name="startTest" finished-at="2022-09-15T13:26:53 IST" duration-ms="153" status="PASS">
          <reporter-output>
          </reporter-output>
        </test-method> <!-- startTest -->
        <test-method is-config="true" signature="navigateFOPage()[pri:0, instance:pagesTestCasesYasasiiWeb.SP5_FO_BillCancel_Refund_TestCaseYW@60d1a32f]" started-at="2022-09-15T13:26:53 IST" name="navigateFOPage" finished-at="2022-09-15T13:27:05 IST" duration-ms="12229" status="PASS">
          <reporter-output>
          </reporter-output>
        </test-method> <!-- navigateFOPage -->
        <test-method is-config="true" signature="getTestMethodProperties(java.lang.reflect.Method)[pri:0, instance:pagesTestCasesYasasiiWeb.SP5_FO_BillCancel_Refund_TestCaseYW@60d1a32f]" started-at="2022-09-15T13:27:05 IST" name="getTestMethodProperties" finished-at="2022-09-15T13:27:05 IST" duration-ms="5" status="PASS">
          <params>
            <param index="0">
              <value>
                <![CDATA[public void pagesTestCasesYasasiiWeb.SP5_FO_BillCancel_Refund_TestCaseYW.patreg(java.lang.String,java.lang.String,java.lang.String,java.lang.String,java.lang.String,java.lang.String,java.lang.String,java.lang.String,java.lang.String,java.lang.String,java.lang.String,java.lang.String,java.lang.String,java.lang.String,java.lang.String) throws java.lang.InterruptedException,java.io.IOException]]>
              </value>
            </param>
          </params>
          <reporter-output>
          </reporter-output>
        </test-method> <!-- getTestMethodProperties -->
        <test-method signature="patreg(java.lang.String, java.lang.String, java.lang.String, java.lang.String, java.lang.String, java.lang.String, java.lang.String, java.lang.String, java.lang.String, java.lang.String, java.lang.String, java.lang.String, java.lang.String, java.lang.String, java.lang.String)[pri:0, instance:pagesTestCasesYasasiiWeb.SP5_FO_BillCancel_Refund_TestCaseYW@60d1a32f]" started-at="2022-09-15T13:27:05 IST" name="patreg" data-provider="getData" finished-at="2022-09-15T13:29:42 IST" duration-ms="157079" status="PASS">
          <params>
            <param index="0">
              <value>
                <![CDATA[Aparna 42]]>
              </value>
            </param>
            <param index="1">
              <value>
                <![CDATA[32]]>
              </value>
            </param>
            <param index="2">
              <value>
                <![CDATA[234567656]]>
              </value>
            </param>
            <param index="3">
              <value>
                <![CDATA[KIMS]]>
              </value>
            </param>
            <param index="4">
              <value>
                <![CDATA[24 , MANGAL NAGAR]]>
              </value>
            </param>
            <param index="5">
              <value>
                <![CDATA[2441567934]]>
              </value>
            </param>
            <param index="6">
              <value>
                <![CDATA[HHC00236322]]>
              </value>
            </param>
            <param index="7">
              <value>
                <![CDATA[Rohit Sharma]]>
              </value>
            </param>
            <param index="8">
              <value>
                <![CDATA[General Advance]]>
              </value>
            </param>
            <param index="9">
              <value>
                <![CDATA[5000]]>
              </value>
            </param>
            <param index="10">
              <value>
                <![CDATA[Sodium (ISE Indirect)]]>
              </value>
            </param>
            <param index="11">
              <value>
                <![CDATA[https://kamedahomecare.in:78/login]]>
              </value>
            </param>
            <param index="12">
              <value>
                <![CDATA[admin]]>
              </value>
            </param>
            <param index="13">
              <value>
                <![CDATA[kameda321]]>
              </value>
            </param>
            <param index="14">
              <value>
                <![CDATA[Kameda Medical Center]]>
              </value>
            </param>
          </params>
          <reporter-output>
          </reporter-output>
        </test-method> <!-- patreg -->
        <test-method is-config="true" signature="getResult(org.testng.ITestResult)[pri:0, instance:pagesTestCasesYasasiiWeb.SP5_FO_BillCancel_Refund_TestCaseYW@60d1a32f]" started-at="2022-09-15T13:29:42 IST" name="getResult" finished-at="2022-09-15T13:29:42 IST" duration-ms="3" status="PASS">
          <params>
            <param index="0">
              <value>
                <![CDATA[[TestResult name=patreg status=SUCCESS method=SP5_FO_BillCancel_Refund_TestCaseYW.patreg(java.lang.String, java.lang.String, java.lang.String, java.lang.String, java.lang.String, java.lang.String, java.lang.String, java.lang.String, java.lang.String, java.lang.String, java.lang.String, java.lang.String, java.lang.String, java.lang.String, java.lang.String)[pri:0, instance:pagesTestCasesYasasiiWeb.SP5_FO_BillCancel_Refund_TestCaseYW@60d1a32f] output={null}]]]>
              </value>
            </param>
          </params>
          <reporter-output>
          </reporter-output>
        </test-method> <!-- getResult -->
        <test-method is-config="true" signature="logout()[pri:0, instance:pagesTestCasesYasasiiWeb.SP5_FO_BillCancel_Refund_TestCaseYW@60d1a32f]" started-at="2022-09-15T13:29:42 IST" name="logout" finished-at="2022-09-15T13:29:47 IST" duration-ms="5338" status="PASS">
          <reporter-output>
          </reporter-output>
        </test-method> <!-- logout -->
        <test-method is-config="true" signature="extentReportEnd()[pri:0, instance:pagesTestCasesYasasiiWeb.SP5_FO_BillCancel_Refund_TestCaseYW@60d1a32f]" started-at="2022-09-15T13:29:47 IST" name="extentReportEnd" finished-at="2022-09-15T13:29:48 IST" duration-ms="491" status="PASS">
          <reporter-output>
          </reporter-output>
        </test-method> <!-- extentReportEnd -->
        <test-method is-config="true" signature="teardown()[pri:0, instance:pagesTestCasesYasasiiWeb.SP5_FO_BillCancel_Refund_TestCaseYW@60d1a32f]" started-at="2022-09-15T13:29:48 IST" name="teardown" finished-at="2022-09-15T13:29:48 IST" duration-ms="66" status="PASS">
          <reporter-output>
          </reporter-output>
        </test-method> <!-- teardown -->
      </class> <!-- pagesTestCasesYasasiiWeb.SP5_FO_BillCancel_Refund_TestCaseYW -->
    </test> <!-- Default test -->
  </suite> <!-- Default suite -->
</testng-results>
