<?xml version="1.0" encoding="UTF-8"?>
<testng-results ignored="0" total="1" passed="1" failed="0" skipped="0">
  <reporter-output>
  </reporter-output>
  <suite started-at="2022-09-23T11:02:33 IST" name="Default suite" finished-at="2022-09-23T11:05:19 IST" duration-ms="165963">
    <groups>
    </groups>
    <test started-at="2022-09-23T11:02:33 IST" name="Default test" finished-at="2022-09-23T11:05:19 IST" duration-ms="165963">
      <class name="pagesTestCasesYasasiiWeb.SP5_MISReport_AdmissionDischarge_TestCase">
        <test-method is-config="true" signature="setup()[pri:0, instance:pagesTestCasesYasasiiWeb.SP5_MISReport_AdmissionDischarge_TestCase@60d1a32f]" started-at="2022-09-23T11:02:25 IST" name="setup" finished-at="2022-09-23T11:02:33 IST" duration-ms="8215" status="PASS">
          <reporter-output>
          </reporter-output>
        </test-method> <!-- setup -->
        <test-method is-config="true" signature="startTest()[pri:0, instance:pagesTestCasesYasasiiWeb.SP5_MISReport_AdmissionDischarge_TestCase@60d1a32f]" started-at="2022-09-23T11:02:33 IST" name="startTest" finished-at="2022-09-23T11:02:33 IST" duration-ms="213" status="PASS">
          <reporter-output>
          </reporter-output>
        </test-method> <!-- startTest -->
        <test-method is-config="true" signature="navigateFOPage()[pri:0, instance:pagesTestCasesYasasiiWeb.SP5_MISReport_AdmissionDischarge_TestCase@60d1a32f]" started-at="2022-09-23T11:02:33 IST" name="navigateFOPage" finished-at="2022-09-23T11:02:45 IST" duration-ms="12252" status="PASS">
          <reporter-output>
          </reporter-output>
        </test-method> <!-- navigateFOPage -->
        <test-method is-config="true" signature="getTestMethodProperties(java.lang.reflect.Method)[pri:0, instance:pagesTestCasesYasasiiWeb.SP5_MISReport_AdmissionDischarge_TestCase@60d1a32f]" started-at="2022-09-23T11:02:45 IST" name="getTestMethodProperties" finished-at="2022-09-23T11:02:45 IST" duration-ms="7" status="PASS">
          <params>
            <param index="0">
              <value>
                <![CDATA[public void pagesTestCasesYasasiiWeb.SP5_MISReport_AdmissionDischarge_TestCase.ADTreport() throws java.lang.InterruptedException,java.io.IOException,java.awt.AWTException]]>
              </value>
            </param>
          </params>
          <reporter-output>
          </reporter-output>
        </test-method> <!-- getTestMethodProperties -->
        <test-method signature="ADTreport()[pri:0, instance:pagesTestCasesYasasiiWeb.SP5_MISReport_AdmissionDischarge_TestCase@60d1a32f]" started-at="2022-09-23T11:02:45 IST" name="ADTreport" finished-at="2022-09-23T11:05:13 IST" duration-ms="148031" status="PASS">
          <reporter-output>
          </reporter-output>
        </test-method> <!-- ADTreport -->
        <test-method is-config="true" signature="getResult(org.testng.ITestResult)[pri:0, instance:pagesTestCasesYasasiiWeb.SP5_MISReport_AdmissionDischarge_TestCase@60d1a32f]" started-at="2022-09-23T11:05:13 IST" name="getResult" finished-at="2022-09-23T11:05:13 IST" duration-ms="2" status="PASS">
          <params>
            <param index="0">
              <value>
                <![CDATA[[TestResult name=ADTreport status=SUCCESS method=SP5_MISReport_AdmissionDischarge_TestCase.ADTreport()[pri:0, instance:pagesTestCasesYasasiiWeb.SP5_MISReport_AdmissionDischarge_TestCase@60d1a32f] output={null}]]]>
              </value>
            </param>
          </params>
          <reporter-output>
          </reporter-output>
        </test-method> <!-- getResult -->
        <test-method is-config="true" signature="logout()[pri:0, instance:pagesTestCasesYasasiiWeb.SP5_MISReport_AdmissionDischarge_TestCase@60d1a32f]" started-at="2022-09-23T11:05:13 IST" name="logout" finished-at="2022-09-23T11:05:19 IST" duration-ms="5412" status="PASS">
          <reporter-output>
          </reporter-output>
        </test-method> <!-- logout -->
        <test-method is-config="true" signature="extentReportEnd()[pri:0, instance:pagesTestCasesYasasiiWeb.SP5_MISReport_AdmissionDischarge_TestCase@60d1a32f]" started-at="2022-09-23T11:05:19 IST" name="extentReportEnd" finished-at="2022-09-23T11:05:19 IST" duration-ms="453" status="PASS">
          <reporter-output>
          </reporter-output>
        </test-method> <!-- extentReportEnd -->
        <test-method is-config="true" signature="teardown()[pri:0, instance:pagesTestCasesYasasiiWeb.SP5_MISReport_AdmissionDischarge_TestCase@60d1a32f]" started-at="2022-09-23T11:05:19 IST" name="teardown" finished-at="2022-09-23T11:05:21 IST" duration-ms="2210" status="PASS">
          <reporter-output>
          </reporter-output>
        </test-method> <!-- teardown -->
      </class> <!-- pagesTestCasesYasasiiWeb.SP5_MISReport_AdmissionDischarge_TestCase -->
    </test> <!-- Default test -->
  </suite> <!-- Default suite -->
</testng-results>
