<?xml version="1.0" encoding="UTF-8"?>
<testng-results ignored="0" total="1" passed="1" failed="0" skipped="0">
  <reporter-output>
  </reporter-output>
  <suite started-at="2022-08-29T17:40:26 IST" name="Default suite" finished-at="2022-08-29T17:41:21 IST" duration-ms="55441">
    <groups>
    </groups>
    <test started-at="2022-08-29T17:40:26 IST" name="Default test" finished-at="2022-08-29T17:41:21 IST" duration-ms="55441">
      <class name="pagesTestCasesYasasiiWeb.SP5_InventoryTestCase">
        <test-method is-config="true" signature="setup()[pri:0, instance:pagesTestCasesYasasiiWeb.SP5_InventoryTestCase@75d0911a]" started-at="2022-08-29T17:40:16 IST" name="setup" finished-at="2022-08-29T17:40:26 IST" duration-ms="9709" status="PASS">
          <reporter-output>
          </reporter-output>
        </test-method> <!-- setup -->
        <test-method is-config="true" signature="startTest()[pri:0, instance:pagesTestCasesYasasiiWeb.SP5_InventoryTestCase@75d0911a]" started-at="2022-08-29T17:40:26 IST" name="startTest" finished-at="2022-08-29T17:40:26 IST" duration-ms="198" status="PASS">
          <reporter-output>
          </reporter-output>
        </test-method> <!-- startTest -->
        <test-method is-config="true" signature="navigateFOPage()[pri:0, instance:pagesTestCasesYasasiiWeb.SP5_InventoryTestCase@75d0911a]" started-at="2022-08-29T17:40:26 IST" name="navigateFOPage" finished-at="2022-08-29T17:40:38 IST" duration-ms="12273" status="PASS">
          <reporter-output>
          </reporter-output>
        </test-method> <!-- navigateFOPage -->
        <test-method is-config="true" signature="getTestMethodProperties(java.lang.reflect.Method)[pri:0, instance:pagesTestCasesYasasiiWeb.SP5_InventoryTestCase@75d0911a]" started-at="2022-08-29T17:40:38 IST" name="getTestMethodProperties" finished-at="2022-08-29T17:40:38 IST" duration-ms="7" status="PASS">
          <params>
            <param index="0">
              <value>
                <![CDATA[public void pagesTestCasesYasasiiWeb.SP5_InventoryTestCase.inventoryFlow(java.lang.String,java.lang.String,java.lang.String,java.lang.String,java.lang.String,java.lang.String,java.lang.String,java.lang.String,java.lang.String,java.lang.String) throws java.lang.InterruptedException,java.io.IOException,java.awt.AWTException]]>
              </value>
            </param>
          </params>
          <reporter-output>
          </reporter-output>
        </test-method> <!-- getTestMethodProperties -->
        <test-method signature="inventoryFlow(java.lang.String, java.lang.String, java.lang.String, java.lang.String, java.lang.String, java.lang.String, java.lang.String, java.lang.String, java.lang.String, java.lang.String)[pri:0, instance:pagesTestCasesYasasiiWeb.SP5_InventoryTestCase@75d0911a]" started-at="2022-08-29T17:40:38 IST" name="inventoryFlow" data-provider="getData" finished-at="2022-08-29T17:41:18 IST" duration-ms="39438" status="PASS">
          <params>
            <param index="0">
              <value>
                <![CDATA[z-BasePharm 8]]>
              </value>
            </param>
            <param index="1">
              <value>
                <![CDATA[Ref008]]>
              </value>
            </param>
            <param index="2">
              <value>
                <![CDATA[91001A]]>
              </value>
            </param>
            <param index="3">
              <value>
                <![CDATA[IGN-10]]>
              </value>
            </param>
            <param index="4">
              <value>
                <![CDATA[HHC00158522]]>
              </value>
            </param>
            <param index="5">
              <value>
                <![CDATA[raaji 12]]>
              </value>
            </param>
            <param index="6">
              <value>
                <![CDATA[IND_000022722]]>
              </value>
            </param>
            <param index="7">
              <value>
                <![CDATA[IND_000022522]]>
              </value>
            </param>
            <param index="8">
              <value>
                <![CDATA[var-0004]]>
              </value>
            </param>
            <param index="9">
              <value>
                <![CDATA[vari med.pvt.ltd]]>
              </value>
            </param>
          </params>
          <reporter-output>
          </reporter-output>
        </test-method> <!-- inventoryFlow -->
        <test-method is-config="true" signature="getResult(org.testng.ITestResult)[pri:0, instance:pagesTestCasesYasasiiWeb.SP5_InventoryTestCase@75d0911a]" started-at="2022-08-29T17:41:18 IST" name="getResult" finished-at="2022-08-29T17:41:18 IST" duration-ms="1" status="PASS">
          <params>
            <param index="0">
              <value>
                <![CDATA[[TestResult name=inventoryFlow status=SUCCESS method=SP5_InventoryTestCase.inventoryFlow(java.lang.String, java.lang.String, java.lang.String, java.lang.String, java.lang.String, java.lang.String, java.lang.String, java.lang.String, java.lang.String, java.lang.String)[pri:0, instance:pagesTestCasesYasasiiWeb.SP5_InventoryTestCase@75d0911a] output={null}]]]>
              </value>
            </param>
          </params>
          <reporter-output>
          </reporter-output>
        </test-method> <!-- getResult -->
        <test-method is-config="true" signature="logout()[pri:0, instance:pagesTestCasesYasasiiWeb.SP5_InventoryTestCase@75d0911a]" started-at="2022-08-29T17:41:18 IST" name="logout" finished-at="2022-08-29T17:41:21 IST" duration-ms="3314" status="PASS">
          <reporter-output>
          </reporter-output>
        </test-method> <!-- logout -->
        <test-method is-config="true" signature="extentReportEnd()[pri:0, instance:pagesTestCasesYasasiiWeb.SP5_InventoryTestCase@75d0911a]" started-at="2022-08-29T17:41:21 IST" name="extentReportEnd" finished-at="2022-08-29T17:41:22 IST" duration-ms="594" status="PASS">
          <reporter-output>
          </reporter-output>
        </test-method> <!-- extentReportEnd -->
        <test-method is-config="true" signature="teardown()[pri:0, instance:pagesTestCasesYasasiiWeb.SP5_InventoryTestCase@75d0911a]" started-at="2022-08-29T17:41:22 IST" name="teardown" finished-at="2022-08-29T17:41:22 IST" duration-ms="262" status="PASS">
          <reporter-output>
          </reporter-output>
        </test-method> <!-- teardown -->
      </class> <!-- pagesTestCasesYasasiiWeb.SP5_InventoryTestCase -->
    </test> <!-- Default test -->
  </suite> <!-- Default suite -->
</testng-results>
