<?xml version="1.0" encoding="UTF-8"?>
<testng-results ignored="0" total="1" passed="0" failed="1" skipped="0">
  <reporter-output>
  </reporter-output>
  <suite started-at="2022-08-30T09:27:16 IST" name="Default suite" finished-at="2022-08-30T09:36:44 IST" duration-ms="567798">
    <groups>
    </groups>
    <test started-at="2022-08-30T09:27:16 IST" name="Default test" finished-at="2022-08-30T09:36:44 IST" duration-ms="567798">
      <class name="pagesTestCasesYasasiiWeb.SP5_InventoryTestCase">
        <test-method is-config="true" signature="setup()[pri:0, instance:pagesTestCasesYasasiiWeb.SP5_InventoryTestCase@75d0911a]" started-at="2022-08-30T09:27:07 IST" name="setup" finished-at="2022-08-30T09:27:16 IST" duration-ms="8999" status="PASS">
          <reporter-output>
          </reporter-output>
        </test-method> <!-- setup -->
        <test-method is-config="true" signature="startTest()[pri:0, instance:pagesTestCasesYasasiiWeb.SP5_InventoryTestCase@75d0911a]" started-at="2022-08-30T09:27:17 IST" name="startTest" finished-at="2022-08-30T09:27:17 IST" duration-ms="165" status="PASS">
          <reporter-output>
          </reporter-output>
        </test-method> <!-- startTest -->
        <test-method is-config="true" signature="navigateFOPage()[pri:0, instance:pagesTestCasesYasasiiWeb.SP5_InventoryTestCase@75d0911a]" started-at="2022-08-30T09:27:17 IST" name="navigateFOPage" finished-at="2022-08-30T09:27:29 IST" duration-ms="12237" status="PASS">
          <reporter-output>
          </reporter-output>
        </test-method> <!-- navigateFOPage -->
        <test-method is-config="true" signature="getTestMethodProperties(java.lang.reflect.Method)[pri:0, instance:pagesTestCasesYasasiiWeb.SP5_InventoryTestCase@75d0911a]" started-at="2022-08-30T09:27:29 IST" name="getTestMethodProperties" finished-at="2022-08-30T09:27:29 IST" duration-ms="4" status="PASS">
          <params>
            <param index="0">
              <value>
                <![CDATA[public void pagesTestCasesYasasiiWeb.SP5_InventoryTestCase.inventoryFlow(java.lang.String,java.lang.String,java.lang.String,java.lang.String,java.lang.String,java.lang.String,java.lang.String,java.lang.String,java.lang.String,java.lang.String) throws java.lang.InterruptedException,java.io.IOException,java.awt.AWTException]]>
              </value>
            </param>
          </params>
          <reporter-output>
          </reporter-output>
        </test-method> <!-- getTestMethodProperties -->
        <test-method signature="inventoryFlow(java.lang.String, java.lang.String, java.lang.String, java.lang.String, java.lang.String, java.lang.String, java.lang.String, java.lang.String, java.lang.String, java.lang.String)[pri:0, instance:pagesTestCasesYasasiiWeb.SP5_InventoryTestCase@75d0911a]" started-at="2022-08-30T09:27:29 IST" name="inventoryFlow" data-provider="getData" finished-at="2022-08-30T09:36:40 IST" duration-ms="551123" status="FAIL">
          <params>
            <param index="0">
              <value>
                <![CDATA[z-BasePharm 16]]>
              </value>
            </param>
            <param index="1">
              <value>
                <![CDATA[Ref014]]>
              </value>
            </param>
            <param index="2">
              <value>
                <![CDATA[91001A]]>
              </value>
            </param>
            <param index="3">
              <value>
                <![CDATA[IGN-16]]>
              </value>
            </param>
            <param index="4">
              <value>
                <![CDATA[HHC00158522]]>
              </value>
            </param>
            <param index="5">
              <value>
                <![CDATA[raaji 12]]>
              </value>
            </param>
            <param index="6">
              <value>
                <![CDATA[IND_000023822]]>
              </value>
            </param>
            <param index="7">
              <value>
                <![CDATA[IND_000023622]]>
              </value>
            </param>
            <param index="8">
              <value>
                <![CDATA[var-0006]]>
              </value>
            </param>
            <param index="9">
              <value>
                <![CDATA[vari med.pvt.ltd]]>
              </value>
            </param>
          </params>
          <exception class="org.openqa.selenium.ElementClickInterceptedException">
            <message>
              <![CDATA[element click intercepted: Element <i _ngcontent-okl-c40="" class="ki ki-search"></i> is not clickable at point (357, 51). Other element would receive the click: <div _ngcontent-okl-c2="" aria-hidden="false" aria-labelledby="myLargeModalLabel" class="modal ki-dialog fade blockoutside in show" kidialog="" role="dialog" tabindex="-1" aria-modal="true" style="display: block;">...</div>
  (Session info: chrome=104.0.5112.102)
Build info: version: '4.0.0-alpha-3', revision: '8c567de6dc'
System info: host: 'KI54', ip: '192.168.0.54', os.name: 'Windows 10', os.arch: 'amd64', os.version: '10.0', java.version: '18.0.1'
Driver info: org.openqa.selenium.chrome.ChromeDriver
Capabilities {acceptInsecureCerts: false, browserName: chrome, browserVersion: 104.0.5112.102, chrome: {chromedriverVersion: 104.0.5112.79 (3cf3e8c8a07d..., userDataDir: C:\Users\sriram\AppData\Loc...}, goog:chromeOptions: {debuggerAddress: localhost:59405}, javascriptEnabled: true, networkConnectionEnabled: false, pageLoadStrategy: normal, platform: WINDOWS, platformName: WINDOWS, proxy: Proxy(), setWindowRect: true, strictFileInteractability: false, timeouts: {implicit: 0, pageLoad: 300000, script: 30000}, unhandledPromptBehavior: dismiss and notify, webauthn:extension:credBlob: true, webauthn:extension:largeBlob: true, webauthn:virtualAuthenticators: true}
Session ID: 37d127298bf2bf5fce0a30644eb60435]]>
            </message>
            <full-stacktrace>
              <![CDATA[org.openqa.selenium.ElementClickInterceptedException: element click intercepted: Element <i _ngcontent-okl-c40="" class="ki ki-search"></i> is not clickable at point (357, 51). Other element would receive the click: <div _ngcontent-okl-c2="" aria-hidden="false" aria-labelledby="myLargeModalLabel" class="modal ki-dialog fade blockoutside in show" kidialog="" role="dialog" tabindex="-1" aria-modal="true" style="display: block;">...</div>
  (Session info: chrome=104.0.5112.102)
Build info: version: '4.0.0-alpha-3', revision: '8c567de6dc'
System info: host: 'KI54', ip: '192.168.0.54', os.name: 'Windows 10', os.arch: 'amd64', os.version: '10.0', java.version: '18.0.1'
Driver info: org.openqa.selenium.chrome.ChromeDriver
Capabilities {acceptInsecureCerts: false, browserName: chrome, browserVersion: 104.0.5112.102, chrome: {chromedriverVersion: 104.0.5112.79 (3cf3e8c8a07d..., userDataDir: C:\Users\sriram\AppData\Loc...}, goog:chromeOptions: {debuggerAddress: localhost:59405}, javascriptEnabled: true, networkConnectionEnabled: false, pageLoadStrategy: normal, platform: WINDOWS, platformName: WINDOWS, proxy: Proxy(), setWindowRect: true, strictFileInteractability: false, timeouts: {implicit: 0, pageLoad: 300000, script: 30000}, unhandledPromptBehavior: dismiss and notify, webauthn:extension:credBlob: true, webauthn:extension:largeBlob: true, webauthn:virtualAuthenticators: true}
Session ID: 37d127298bf2bf5fce0a30644eb60435
at java.base/jdk.internal.reflect.DirectConstructorHandleAccessor.newInstance(DirectConstructorHandleAccessor.java:67)
at java.base/java.lang.reflect.Constructor.newInstanceWithCaller(Constructor.java:499)
at java.base/java.lang.reflect.Constructor.newInstance(Constructor.java:483)
at org.openqa.selenium.remote.codec.w3c.W3CHttpResponseCodec.createException(W3CHttpResponseCodec.java:191)
at org.openqa.selenium.remote.codec.w3c.W3CHttpResponseCodec.decode(W3CHttpResponseCodec.java:125)
at org.openqa.selenium.remote.codec.w3c.W3CHttpResponseCodec.decode(W3CHttpResponseCodec.java:52)
at org.openqa.selenium.remote.HttpCommandExecutor.execute(HttpCommandExecutor.java:161)
at org.openqa.selenium.remote.service.DriverCommandExecutor.execute(DriverCommandExecutor.java:83)
at org.openqa.selenium.remote.RemoteWebDriver.execute(RemoteWebDriver.java:576)
at org.openqa.selenium.remote.RemoteWebElement.execute(RemoteWebElement.java:308)
at org.openqa.selenium.remote.RemoteWebElement.click(RemoteWebElement.java:83)
at java.base/jdk.internal.reflect.DirectMethodHandleAccessor.invoke(DirectMethodHandleAccessor.java:104)
at java.base/java.lang.reflect.Method.invoke(Method.java:577)
at org.openqa.selenium.support.pagefactory.internal.LocatingElementHandler.invoke(LocatingElementHandler.java:52)
at jdk.proxy2/jdk.proxy2.$Proxy35.click(Unknown Source)
at pagesOfYasasiiWeb.SP5_InventoryYasasiiWeb.supplierCreation(SP5_InventoryYasasiiWeb.java:1352)
at pagesTestCasesYasasiiWeb.SP5_InventoryTestCase.inventoryFlow(SP5_InventoryTestCase.java:47)
at java.base/jdk.internal.reflect.DirectMethodHandleAccessor.invoke(DirectMethodHandleAccessor.java:104)
at java.base/java.lang.reflect.Method.invoke(Method.java:577)
at org.testng.internal.MethodInvocationHelper.invokeMethod(MethodInvocationHelper.java:132)
at org.testng.internal.TestInvoker.invokeMethod(TestInvoker.java:599)
at org.testng.internal.TestInvoker.invokeTestMethod(TestInvoker.java:174)
at org.testng.internal.MethodRunner.runInSequence(MethodRunner.java:46)
at org.testng.internal.TestInvoker$MethodInvocationAgent.invoke(TestInvoker.java:822)
at org.testng.internal.TestInvoker.invokeTestMethods(TestInvoker.java:147)
at org.testng.internal.TestMethodWorker.invokeTestMethods(TestMethodWorker.java:146)
at org.testng.internal.TestMethodWorker.run(TestMethodWorker.java:128)
at java.base/java.util.ArrayList.forEach(ArrayList.java:1511)
at org.testng.TestRunner.privateRun(TestRunner.java:764)
at org.testng.TestRunner.run(TestRunner.java:585)
at org.testng.SuiteRunner.runTest(SuiteRunner.java:384)
at org.testng.SuiteRunner.runSequentially(SuiteRunner.java:378)
at org.testng.SuiteRunner.privateRun(SuiteRunner.java:337)
at org.testng.SuiteRunner.run(SuiteRunner.java:286)
at org.testng.SuiteRunnerWorker.runSuite(SuiteRunnerWorker.java:53)
at org.testng.SuiteRunnerWorker.run(SuiteRunnerWorker.java:96)
at org.testng.TestNG.runSuitesSequentially(TestNG.java:1218)
at org.testng.TestNG.runSuitesLocally(TestNG.java:1140)
at org.testng.TestNG.runSuites(TestNG.java:1069)
at org.testng.TestNG.run(TestNG.java:1037)
at org.testng.remote.AbstractRemoteTestNG.run(AbstractRemoteTestNG.java:115)
at org.testng.remote.RemoteTestNG.initAndRun(RemoteTestNG.java:251)
at org.testng.remote.RemoteTestNG.main(RemoteTestNG.java:77)
]]>
            </full-stacktrace>
          </exception> <!-- org.openqa.selenium.ElementClickInterceptedException -->
          <reporter-output>
          </reporter-output>
        </test-method> <!-- inventoryFlow -->
        <test-method is-config="true" signature="getResult(org.testng.ITestResult)[pri:0, instance:pagesTestCasesYasasiiWeb.SP5_InventoryTestCase@75d0911a]" started-at="2022-08-30T09:36:40 IST" name="getResult" finished-at="2022-08-30T09:36:40 IST" duration-ms="155" status="PASS">
          <params>
            <param index="0">
              <value>
                <![CDATA[[TestResult name=inventoryFlow status=FAILURE method=SP5_InventoryTestCase.inventoryFlow(java.lang.String, java.lang.String, java.lang.String, java.lang.String, java.lang.String, java.lang.String, java.lang.String, java.lang.String, java.lang.String, java.lang.String)[pri:0, instance:pagesTestCasesYasasiiWeb.SP5_InventoryTestCase@75d0911a] output={null}]]]>
              </value>
            </param>
          </params>
          <reporter-output>
          </reporter-output>
        </test-method> <!-- getResult -->
        <test-method is-config="true" signature="logout()[pri:0, instance:pagesTestCasesYasasiiWeb.SP5_InventoryTestCase@75d0911a]" started-at="2022-08-30T09:36:40 IST" name="logout" finished-at="2022-08-30T09:36:44 IST" duration-ms="3891" status="PASS">
          <reporter-output>
          </reporter-output>
        </test-method> <!-- logout -->
        <test-method is-config="true" signature="extentReportEnd()[pri:0, instance:pagesTestCasesYasasiiWeb.SP5_InventoryTestCase@75d0911a]" started-at="2022-08-30T09:36:44 IST" name="extentReportEnd" finished-at="2022-08-30T09:36:45 IST" duration-ms="488" status="PASS">
          <reporter-output>
          </reporter-output>
        </test-method> <!-- extentReportEnd -->
        <test-method is-config="true" signature="teardown()[pri:0, instance:pagesTestCasesYasasiiWeb.SP5_InventoryTestCase@75d0911a]" started-at="2022-08-30T09:36:45 IST" name="teardown" finished-at="2022-08-30T09:36:46 IST" duration-ms="820" status="PASS">
          <reporter-output>
          </reporter-output>
        </test-method> <!-- teardown -->
      </class> <!-- pagesTestCasesYasasiiWeb.SP5_InventoryTestCase -->
    </test> <!-- Default test -->
  </suite> <!-- Default suite -->
</testng-results>
